<?xml version="1.0" encoding="utf-8"?>
<shfbBuild product="Sandcastle Help File Builder and Tools" version="2018.7.8.0" projectFile="D:\AUG\Computer-Art\Algorithms\C#\docs\Documentation1.shfbproj" started="12/27/2018 9:45:34 AM">
<buildStep step="Initializing">
Finding tools...
The Sandcastle tools are located in &#39;C:\Program Files (x86)\EWSoftware\Sandcastle Help File Builder\&#39;
Locating components in the following folder(s):
    D:\AUG\Computer-Art\Algorithms\C#\docs
    C:\ProgramData\EWSoftware\Sandcastle Help File Builder\Components and Plug-Ins\
    C:\Program Files (x86)\EWSoftware\Sandcastle Help File Builder\
Using framework reflection data for &#39;.NET Framework 4.6.1&#39; located in &#39;C:\Program Files (x86)\EWSoftware\Sandcastle Help File Builder\Data\.NETFramework&#39;
Using presentation style &#39;Markdown&#39; located in &#39;C:\Program Files (x86)\EWSoftware\Sandcastle Help File Builder\PresentationStyles\Markdown&#39;
-------------------------------
Clearing any prior web/markdown output...
</buildStep>
<buildStep step="ValidatingDocumentationSources">
Validating and copying documentation source information
Source: D:\AUG\Computer-Art\Algorithms\C#\src\bin\Debug\Algorithms.dll
    Found assembly &#39;D:\AUG\Computer-Art\Algorithms\C#\src\bin\Debug\Algorithms.dll&#39;
SHFB: Warning BE0062: No documentation source XML comments files found.  The help file will not contain any member comments.
</buildStep>
<buildStep step="GenerateSharedContent">
Generating shared content files (en-US, English (United States))...
    Last step completed in 00:00:00.0156
</buildStep>
<buildStep step="GenerateApiFilter">
Generating API filter for MRefBuilder...
    Last step completed in 00:00:00.0000
</buildStep>
<buildStep step="GenerateReflectionInfo">
Generating reflection information...
[C:\Program Files (x86)\Microsoft Visual Studio\2017\Community\MSBuild\15.0\Bin\MSBuild.exe - GenerateRefInfo.proj]
Build started 12/27/2018 9:45:36 AM.
Project &quot;D:\AUG\Computer-Art\Algorithms\C#\docs\Help\Working\GenerateRefInfo.proj&quot; on node 1 (default targets).
PrepareForBuild:
  Creating directory &quot;obj\Debug\&quot;.
GenerateRefInfo:
  MRefBuilder (v2018.7.8.0)
  Copyright c 2006-2018, Microsoft Corporation, All Rights Reserved.
  Portions Copyright c 2006-2018, Eric Woodruff, All Rights Reserved.
  No source code context base path specified.  Source context information is unavailable.
  Loaded 1 assemblies for reflection and 1 dependency assemblies.
  Wrote information on 4 namespaces, 27 types, and 186 members
  Copying file from &quot;reflection.org&quot; to &quot;reflection.all&quot;.
  XslTransform (v2018.7.8.0)
  Copyright c 2006-2018, Microsoft Corporation, All Rights Reserved.
  Portions Copyright c 2006-2018, Eric Woodruff, All Rights Reserved.
  Applying XSL transformation &#39;C:\Program Files (x86)\EWSoftware\Sandcastle Help File Builder\ProductionTransforms\MergeDuplicates.xsl&#39;.
Done Building Project &quot;D:\AUG\Computer-Art\Algorithms\C#\docs\Help\Working\GenerateRefInfo.proj&quot; (default targets).
    Last step completed in 00:00:00.8746
</buildStep>
<buildStep step="TransformReflectionInfo">
Transforming reflection output...
[C:\Program Files (x86)\Microsoft Visual Studio\2017\Community\MSBuild\15.0\Bin\MSBuild.exe - TransformManifest.proj]
Build started 12/27/2018 9:45:36 AM.
Project &quot;D:\AUG\Computer-Art\Algorithms\C#\docs\Help\Working\TransformManifest.proj&quot; on node 1 (default targets).
TransformManifest:
  XslTransform (v2018.7.8.0)
  Copyright c 2006-2018, Microsoft Corporation, All Rights Reserved.
  Portions Copyright c 2006-2018, Eric Woodruff, All Rights Reserved.
  Applying XSL transformation &#39;C:\Program Files (x86)\EWSoftware\Sandcastle Help File Builder\\ProductionTransforms\ApplyVSDocModel.xsl&#39;.
  Copying file from &quot;reflection.xml&quot; to &quot;reflection.nofilenames&quot;.
  XslTransform (v2018.7.8.0)
  Copyright c 2006-2018, Microsoft Corporation, All Rights Reserved.
  Portions Copyright c 2006-2018, Eric Woodruff, All Rights Reserved.
  Applying XSL transformation &#39;C:\Program Files (x86)\EWSoftware\Sandcastle Help File Builder\ProductionTransforms\AddFilenames.xsl&#39;.
  XslTransform (v2018.7.8.0)
  Copyright c 2006-2018, Microsoft Corporation, All Rights Reserved.
  Portions Copyright c 2006-2018, Eric Woodruff, All Rights Reserved.
  Applying XSL transformation &#39;C:\Program Files (x86)\EWSoftware\Sandcastle Help File Builder\ProductionTransforms\ReflectionToManifest.xsl&#39;.
Done Building Project &quot;D:\AUG\Computer-Art\Algorithms\C#\docs\Help\Working\TransformManifest.proj&quot; (default targets).
    Last step completed in 00:00:00.6240
</buildStep>
<buildStep step="GenerateNamespaceSummaries">
Generating namespace summary information...
    Last step completed in 00:00:00.0156
</buildStep>
<buildStep step="CopyConceptualContent">
Copying conceptual content...
Copying standard token shared content file...
Checking for other token files...
Checking for code snippets files...
Copying images and creating the media map file...
Generating conceptual topic files
    Parsing topic file &#39;D:\AUG\Computer-Art\Algorithms\C#\docs\Content\Welcome.aml&#39;
    D:\AUG\Computer-Art\Algorithms\C#\docs\Content\Welcome.aml -&gt; D:\AUG\Computer-Art\Algorithms\C#\docs\Help\Working\ddueXml\343803b3-637e-406f-9030-1d0041e5aa17.xml
    Parsing topic file &#39;D:\AUG\Computer-Art\Algorithms\C#\docs\Content\VersionHistory\VersionHistory.aml&#39;
    D:\AUG\Computer-Art\Algorithms\C#\docs\Content\VersionHistory\VersionHistory.aml -&gt; D:\AUG\Computer-Art\Algorithms\C#\docs\Help\Working\ddueXml\c30893fe-4911-4c33-b5d5-99c604937a2d.xml
    Parsing topic file &#39;D:\AUG\Computer-Art\Algorithms\C#\docs\Content\VersionHistory\v1.0.0.0.aml&#39;
    D:\AUG\Computer-Art\Algorithms\C#\docs\Content\VersionHistory\v1.0.0.0.aml -&gt; D:\AUG\Computer-Art\Algorithms\C#\docs\Help\Working\ddueXml\517a7995-a0ed-46f6-9f54-e21fdaf44930.xml
    Last step completed in 00:00:00.0156
</buildStep>
<buildStep step="CreateConceptualTopicConfigs">
Creating conceptual topic configuration files...
    Companion files
    _ContentMetadata_.xml
    Merging topic IDs into manifest.xml
    Last step completed in 00:00:00.0156
</buildStep>
<buildStep step="CopyAdditionalContent">
Copying additional content files...
D:\AUG\Computer-Art\Algorithms\C#\docs\icons\Help.png -&gt; D:\AUG\Computer-Art\Algorithms\C#\docs\Help\Working\Output\Markdown\icons\Help.png
    Last step completed in 00:00:00.0000
</buildStep>
<buildStep step="MergeTablesOfContents">
Merging conceptual and additional tables of contents...
    Last step completed in 00:00:00.0000
</buildStep>
<buildStep step="GenerateIntermediateTableOfContents">
Generating intermediate table of contents file...
[C:\Program Files (x86)\Microsoft Visual Studio\2017\Community\MSBuild\15.0\Bin\MSBuild.exe - GenerateIntermediateTOC.proj]
Build started 12/27/2018 9:45:37 AM.
Project &quot;D:\AUG\Computer-Art\Algorithms\C#\docs\Help\Working\GenerateIntermediateTOC.proj&quot; on node 1 (default targets).
GenerateIntermediateTOC:
  XslTransform (v2018.7.8.0)
  Copyright c 2006-2018, Microsoft Corporation, All Rights Reserved.
  Portions Copyright c 2006-2018, Eric Woodruff, All Rights Reserved.
  Applying XSL transformation &#39;C:\Program Files (x86)\EWSoftware\Sandcastle Help File Builder\\ProductionTransforms\CreateVSToc.xsl&#39;.
Done Building Project &quot;D:\AUG\Computer-Art\Algorithms\C#\docs\Help\Working\GenerateIntermediateTOC.proj&quot; (default targets).
Generating conceptual content intermediate TOC file...
    Last step completed in 00:00:00.2712
</buildStep>
<buildStep step="CreateBuildAssemblerConfigs">
Creating Sandcastle configuration files...
    sandcastle.config
    Last step completed in 00:00:00.0468
</buildStep>
<buildStep step="MergeCustomConfigs">
Merging custom build component configurations
D:\AUG\Computer-Art\Algorithms\C#\docs\Help\Working\sandcastle.config
  Updating reference topic configurations.
  Updating conceptual topic configurations.
    Removing unused ExampleComponent.
    Last step completed in 00:00:00.0156
</buildStep>
<buildStep step="BuildTopics">
Building help topics...
[C:\Program Files (x86)\Microsoft Visual Studio\2017\Community\MSBuild\15.0\Bin\MSBuild.exe - BuildTopics.proj]
Build started 12/27/2018 9:45:37 AM.
Project &quot;D:\AUG\Computer-Art\Algorithms\C#\docs\Help\Working\BuildTopics.proj&quot; on node 1 (default targets).
BuildTopics:
  BuildAssembler (v2018.7.8.0)
  Copyright c 2006-2018, Microsoft Corporation, All Rights Reserved.
  Portions Copyright c 2006-2018, Eric Woodruff, All Rights Reserved.
  Loading configuration...
  Processing topics...
BuildAssembler : warning : ShowMissingComponent: [N:algorithms] Missing &lt;summary&gt; documentation [D:\AUG\Computer-Art\Algorithms\C#\docs\Help\Working\BuildTopics.proj]
BuildAssembler : warning : ShowMissingComponent: [T:algorithms.AATree] Missing &lt;summary&gt; documentation [D:\AUG\Computer-Art\Algorithms\C#\docs\Help\Working\BuildTopics.proj]
BuildAssembler : warning : ShowMissingComponent: [P:algorithms.AATree.Empty] Missing &lt;summary&gt; documentation [D:\AUG\Computer-Art\Algorithms\C#\docs\Help\Working\BuildTopics.proj]
BuildAssembler : warning : ShowMissingComponent: [M:algorithms.AATree.find(algorithms.Comparable)] Missing &lt;summary&gt; documentation [D:\AUG\Computer-Art\Algorithms\C#\docs\Help\Working\BuildTopics.proj]
BuildAssembler : warning : ShowMissingComponent: [M:algorithms.AATree.find(algorithms.Comparable)] Missing &lt;returns&gt; documentation [D:\AUG\Computer-Art\Algorithms\C#\docs\Help\Working\BuildTopics.proj]
BuildAssembler : warning : ShowMissingComponent: [M:algorithms.AATree.find(algorithms.Comparable)] Missing &lt;param name=&quot;x&quot;/&gt; documentation [D:\AUG\Computer-Art\Algorithms\C#\docs\Help\Working\BuildTopics.proj]
BuildAssembler : warning : ShowMissingComponent: [M:algorithms.AATree.findMax] Missing &lt;summary&gt; documentation [D:\AUG\Computer-Art\Algorithms\C#\docs\Help\Working\BuildTopics.proj]
BuildAssembler : warning : ShowMissingComponent: [M:algorithms.AATree.findMax] Missing &lt;returns&gt; documentation [D:\AUG\Computer-Art\Algorithms\C#\docs\Help\Working\BuildTopics.proj]
BuildAssembler : warning : ShowMissingComponent: [M:algorithms.AATree.findMin] Missing &lt;summary&gt; documentation [D:\AUG\Computer-Art\Algorithms\C#\docs\Help\Working\BuildTopics.proj]
BuildAssembler : warning : ShowMissingComponent: [M:algorithms.AATree.findMin] Missing &lt;returns&gt; documentation [D:\AUG\Computer-Art\Algorithms\C#\docs\Help\Working\BuildTopics.proj]
BuildAssembler : warning : ShowMissingComponent: [M:algorithms.AATree.insert(algorithms.Comparable)] Missing &lt;summary&gt; documentation [D:\AUG\Computer-Art\Algorithms\C#\docs\Help\Working\BuildTopics.proj]
BuildAssembler : warning : ShowMissingComponent: [M:algorithms.AATree.insert(algorithms.Comparable)] Missing &lt;param name=&quot;x&quot;/&gt; documentation [D:\AUG\Computer-Art\Algorithms\C#\docs\Help\Working\BuildTopics.proj]
BuildAssembler : warning : ShowMissingComponent: [M:algorithms.AATree.makeEmpty] Missing &lt;summary&gt; documentation [D:\AUG\Computer-Art\Algorithms\C#\docs\Help\Working\BuildTopics.proj]
BuildAssembler : warning : ShowMissingComponent: [M:algorithms.AATree.printTree] Missing &lt;summary&gt; documentation [D:\AUG\Computer-Art\Algorithms\C#\docs\Help\Working\BuildTopics.proj]
BuildAssembler : warning : ShowMissingComponent: [M:algorithms.AATree.remove(algorithms.Comparable)] Missing &lt;summary&gt; documentation [D:\AUG\Computer-Art\Algorithms\C#\docs\Help\Working\BuildTopics.proj]
BuildAssembler : warning : ShowMissingComponent: [M:algorithms.AATree.remove(algorithms.Comparable)] Missing &lt;param name=&quot;x&quot;/&gt; documentation [D:\AUG\Computer-Art\Algorithms\C#\docs\Help\Working\BuildTopics.proj]
BuildAssembler : warning : ShowMissingComponent: [T:algorithms.AvlTree] Missing &lt;summary&gt; documentation [D:\AUG\Computer-Art\Algorithms\C#\docs\Help\Working\BuildTopics.proj]
BuildAssembler : warning : ShowMissingComponent: [P:algorithms.AvlTree.Empty] Missing &lt;summary&gt; documentation [D:\AUG\Computer-Art\Algorithms\C#\docs\Help\Working\BuildTopics.proj]
BuildAssembler : warning : ShowMissingComponent: [M:algorithms.AvlTree.find(algorithms.Comparable)] Missing &lt;summary&gt; documentation [D:\AUG\Computer-Art\Algorithms\C#\docs\Help\Working\BuildTopics.proj]
BuildAssembler : warning : ShowMissingComponent: [M:algorithms.AvlTree.find(algorithms.Comparable)] Missing &lt;returns&gt; documentation [D:\AUG\Computer-Art\Algorithms\C#\docs\Help\Working\BuildTopics.proj]
BuildAssembler : warning : ShowMissingComponent: [M:algorithms.AvlTree.find(algorithms.Comparable)] Missing &lt;param name=&quot;x&quot;/&gt; documentation [D:\AUG\Computer-Art\Algorithms\C#\docs\Help\Working\BuildTopics.proj]
BuildAssembler : warning : ShowMissingComponent: [M:algorithms.AvlTree.findMax] Missing &lt;summary&gt; documentation [D:\AUG\Computer-Art\Algorithms\C#\docs\Help\Working\BuildTopics.proj]
BuildAssembler : warning : ShowMissingComponent: [M:algorithms.AvlTree.findMax] Missing &lt;returns&gt; documentation [D:\AUG\Computer-Art\Algorithms\C#\docs\Help\Working\BuildTopics.proj]
BuildAssembler : warning : ShowMissingComponent: [M:algorithms.AvlTree.findMin] Missing &lt;summary&gt; documentation [D:\AUG\Computer-Art\Algorithms\C#\docs\Help\Working\BuildTopics.proj]
BuildAssembler : warning : ShowMissingComponent: [M:algorithms.AvlTree.findMin] Missing &lt;returns&gt; documentation [D:\AUG\Computer-Art\Algorithms\C#\docs\Help\Working\BuildTopics.proj]
BuildAssembler : warning : ShowMissingComponent: [M:algorithms.AvlTree.insert(algorithms.Comparable)] Missing &lt;summary&gt; documentation [D:\AUG\Computer-Art\Algorithms\C#\docs\Help\Working\BuildTopics.proj]
BuildAssembler : warning : ShowMissingComponent: [M:algorithms.AvlTree.insert(algorithms.Comparable)] Missing &lt;param name=&quot;x&quot;/&gt; documentation [D:\AUG\Computer-Art\Algorithms\C#\docs\Help\Working\BuildTopics.proj]
BuildAssembler : warning : ShowMissingComponent: [M:algorithms.AvlTree.Main(System.String[])] Missing &lt;summary&gt; documentation [D:\AUG\Computer-Art\Algorithms\C#\docs\Help\Working\BuildTopics.proj]
BuildAssembler : warning : ShowMissingComponent: [M:algorithms.AvlTree.Main(System.String[])] Missing &lt;param name=&quot;args&quot;/&gt; documentation [D:\AUG\Computer-Art\Algorithms\C#\docs\Help\Working\BuildTopics.proj]
BuildAssembler : warning : ShowMissingComponent: [M:algorithms.AvlTree.makeEmpty] Missing &lt;summary&gt; documentation [D:\AUG\Computer-Art\Algorithms\C#\docs\Help\Working\BuildTopics.proj]
BuildAssembler : warning : ShowMissingComponent: [M:algorithms.AvlTree.printTree] Missing &lt;summary&gt; documentation [D:\AUG\Computer-Art\Algorithms\C#\docs\Help\Working\BuildTopics.proj]
BuildAssembler : warning : ShowMissingComponent: [M:algorithms.AvlTree.remove(algorithms.Comparable)] Missing &lt;summary&gt; documentation [D:\AUG\Computer-Art\Algorithms\C#\docs\Help\Working\BuildTopics.proj]
BuildAssembler : warning : ShowMissingComponent: [M:algorithms.AvlTree.remove(algorithms.Comparable)] Missing &lt;param name=&quot;x&quot;/&gt; documentation [D:\AUG\Computer-Art\Algorithms\C#\docs\Help\Working\BuildTopics.proj]
BuildAssembler : warning : ShowMissingComponent: [T:algorithms.BinaryHeap] Missing &lt;summary&gt; documentation [D:\AUG\Computer-Art\Algorithms\C#\docs\Help\Working\BuildTopics.proj]
BuildAssembler : warning : ShowMissingComponent: [M:algorithms.BinaryHeap.#ctor(System.Int32)] Missing &lt;param name=&quot;capacity&quot;/&gt; documentation [D:\AUG\Computer-Art\Algorithms\C#\docs\Help\Working\BuildTopics.proj]
BuildAssembler : warning : ShowMissingComponent: [M:algorithms.BinaryHeap.deleteMin] Missing &lt;summary&gt; documentation [D:\AUG\Computer-Art\Algorithms\C#\docs\Help\Working\BuildTopics.proj]
BuildAssembler : warning : ShowMissingComponent: [M:algorithms.BinaryHeap.deleteMin] Missing &lt;returns&gt; documentation [D:\AUG\Computer-Art\Algorithms\C#\docs\Help\Working\BuildTopics.proj]
BuildAssembler : warning : ShowMissingComponent: [P:algorithms.BinaryHeap.Empty] Missing &lt;summary&gt; documentation [D:\AUG\Computer-Art\Algorithms\C#\docs\Help\Working\BuildTopics.proj]
BuildAssembler : warning : ShowMissingComponent: [M:algorithms.BinaryHeap.findMin] Missing &lt;summary&gt; documentation [D:\AUG\Computer-Art\Algorithms\C#\docs\Help\Working\BuildTopics.proj]
BuildAssembler : warning : ShowMissingComponent: [M:algorithms.BinaryHeap.findMin] Missing &lt;returns&gt; documentation [D:\AUG\Computer-Art\Algorithms\C#\docs\Help\Working\BuildTopics.proj]
BuildAssembler : warning : ShowMissingComponent: [P:algorithms.BinaryHeap.Full] Missing &lt;summary&gt; documentation [D:\AUG\Computer-Art\Algorithms\C#\docs\Help\Working\BuildTopics.proj]
BuildAssembler : warning : ShowMissingComponent: [M:algorithms.BinaryHeap.insert(algorithms.Comparable)] Missing &lt;summary&gt; documentation [D:\AUG\Computer-Art\Algorithms\C#\docs\Help\Working\BuildTopics.proj]
BuildAssembler : warning : ShowMissingComponent: [M:algorithms.BinaryHeap.insert(algorithms.Comparable)] Missing &lt;param name=&quot;x&quot;/&gt; documentation [D:\AUG\Computer-Art\Algorithms\C#\docs\Help\Working\BuildTopics.proj]
BuildAssembler : warning : ShowMissingComponent: [M:algorithms.BinaryHeap.Main(System.String[])] Missing &lt;summary&gt; documentation [D:\AUG\Computer-Art\Algorithms\C#\docs\Help\Working\BuildTopics.proj]
BuildAssembler : warning : ShowMissingComponent: [M:algorithms.BinaryHeap.Main(System.String[])] Missing &lt;param name=&quot;args&quot;/&gt; documentation [D:\AUG\Computer-Art\Algorithms\C#\docs\Help\Working\BuildTopics.proj]
BuildAssembler : warning : ShowMissingComponent: [M:algorithms.BinaryHeap.makeEmpty] Missing &lt;summary&gt; documentation [D:\AUG\Computer-Art\Algorithms\C#\docs\Help\Working\BuildTopics.proj]
BuildAssembler : warning : ShowMissingComponent: [T:algorithms.BinarySearchTree] Missing &lt;summary&gt; documentation [D:\AUG\Computer-Art\Algorithms\C#\docs\Help\Working\BuildTopics.proj]
BuildAssembler : warning : ShowMissingComponent: [P:algorithms.BinarySearchTree.Empty] Missing &lt;summary&gt; documentation [D:\AUG\Computer-Art\Algorithms\C#\docs\Help\Working\BuildTopics.proj]
BuildAssembler : warning : ShowMissingComponent: [M:algorithms.BinarySearchTree.find(algorithms.Comparable)] Missing &lt;summary&gt; documentation [D:\AUG\Computer-Art\Algorithms\C#\docs\Help\Working\BuildTopics.proj]
BuildAssembler : warning : ShowMissingComponent: [M:algorithms.BinarySearchTree.find(algorithms.Comparable)] Missing &lt;returns&gt; documentation [D:\AUG\Computer-Art\Algorithms\C#\docs\Help\Working\BuildTopics.proj]
BuildAssembler : warning : ShowMissingComponent: [M:algorithms.BinarySearchTree.find(algorithms.Comparable)] Missing &lt;param name=&quot;x&quot;/&gt; documentation [D:\AUG\Computer-Art\Algorithms\C#\docs\Help\Working\BuildTopics.proj]
BuildAssembler : warning : ShowMissingComponent: [M:algorithms.BinarySearchTree.findMax] Missing &lt;summary&gt; documentation [D:\AUG\Computer-Art\Algorithms\C#\docs\Help\Working\BuildTopics.proj]
BuildAssembler : warning : ShowMissingComponent: [M:algorithms.BinarySearchTree.findMax] Missing &lt;returns&gt; documentation [D:\AUG\Computer-Art\Algorithms\C#\docs\Help\Working\BuildTopics.proj]
BuildAssembler : warning : ShowMissingComponent: [M:algorithms.BinarySearchTree.findMin] Missing &lt;summary&gt; documentation [D:\AUG\Computer-Art\Algorithms\C#\docs\Help\Working\BuildTopics.proj]
BuildAssembler : warning : ShowMissingComponent: [M:algorithms.BinarySearchTree.findMin] Missing &lt;returns&gt; documentation [D:\AUG\Computer-Art\Algorithms\C#\docs\Help\Working\BuildTopics.proj]
BuildAssembler : warning : ShowMissingComponent: [M:algorithms.BinarySearchTree.insert(algorithms.Comparable)] Missing &lt;summary&gt; documentation [D:\AUG\Computer-Art\Algorithms\C#\docs\Help\Working\BuildTopics.proj]
BuildAssembler : warning : ShowMissingComponent: [M:algorithms.BinarySearchTree.insert(algorithms.Comparable)] Missing &lt;param name=&quot;x&quot;/&gt; documentation [D:\AUG\Computer-Art\Algorithms\C#\docs\Help\Working\BuildTopics.proj]
BuildAssembler : warning : ShowMissingComponent: [M:algorithms.BinarySearchTree.Main(System.String[])] Missing &lt;summary&gt; documentation [D:\AUG\Computer-Art\Algorithms\C#\docs\Help\Working\BuildTopics.proj]
BuildAssembler : warning : ShowMissingComponent: [M:algorithms.BinarySearchTree.Main(System.String[])] Missing &lt;param name=&quot;args&quot;/&gt; documentation [D:\AUG\Computer-Art\Algorithms\C#\docs\Help\Working\BuildTopics.proj]
BuildAssembler : warning : ShowMissingComponent: [M:algorithms.BinarySearchTree.makeEmpty] Missing &lt;summary&gt; documentation [D:\AUG\Computer-Art\Algorithms\C#\docs\Help\Working\BuildTopics.proj]
BuildAssembler : warning : ShowMissingComponent: [M:algorithms.BinarySearchTree.printTree] Missing &lt;summary&gt; documentation [D:\AUG\Computer-Art\Algorithms\C#\docs\Help\Working\BuildTopics.proj]
BuildAssembler : warning : ShowMissingComponent: [M:algorithms.BinarySearchTree.remove(algorithms.Comparable)] Missing &lt;summary&gt; documentation [D:\AUG\Computer-Art\Algorithms\C#\docs\Help\Working\BuildTopics.proj]
BuildAssembler : warning : ShowMissingComponent: [M:algorithms.BinarySearchTree.remove(algorithms.Comparable)] Missing &lt;param name=&quot;x&quot;/&gt; documentation [D:\AUG\Computer-Art\Algorithms\C#\docs\Help\Working\BuildTopics.proj]
BuildAssembler : warning : ShowMissingComponent: [T:algorithms.BinomialQueue] Missing &lt;summary&gt; documentation [D:\AUG\Computer-Art\Algorithms\C#\docs\Help\Working\BuildTopics.proj]
BuildAssembler : warning : ShowMissingComponent: [M:algorithms.BinomialQueue.deleteMin] Missing &lt;summary&gt; documentation [D:\AUG\Computer-Art\Algorithms\C#\docs\Help\Working\BuildTopics.proj]
BuildAssembler : warning : ShowMissingComponent: [M:algorithms.BinomialQueue.deleteMin] Missing &lt;returns&gt; documentation [D:\AUG\Computer-Art\Algorithms\C#\docs\Help\Working\BuildTopics.proj]
BuildAssembler : warning : ShowMissingComponent: [P:algorithms.BinomialQueue.Empty] Missing &lt;summary&gt; documentation [D:\AUG\Computer-Art\Algorithms\C#\docs\Help\Working\BuildTopics.proj]
BuildAssembler : warning : ShowMissingComponent: [M:algorithms.BinomialQueue.findMin] Missing &lt;summary&gt; documentation [D:\AUG\Computer-Art\Algorithms\C#\docs\Help\Working\BuildTopics.proj]
BuildAssembler : warning : ShowMissingComponent: [M:algorithms.BinomialQueue.findMin] Missing &lt;returns&gt; documentation [D:\AUG\Computer-Art\Algorithms\C#\docs\Help\Working\BuildTopics.proj]
BuildAssembler : warning : ShowMissingComponent: [P:algorithms.BinomialQueue.Full] Missing &lt;summary&gt; documentation [D:\AUG\Computer-Art\Algorithms\C#\docs\Help\Working\BuildTopics.proj]
BuildAssembler : warning : ShowMissingComponent: [M:algorithms.BinomialQueue.insert(algorithms.Comparable)] Missing &lt;summary&gt; documentation [D:\AUG\Computer-Art\Algorithms\C#\docs\Help\Working\BuildTopics.proj]
BuildAssembler : warning : ShowMissingComponent: [M:algorithms.BinomialQueue.insert(algorithms.Comparable)] Missing &lt;param name=&quot;x&quot;/&gt; documentation [D:\AUG\Computer-Art\Algorithms\C#\docs\Help\Working\BuildTopics.proj]
BuildAssembler : warning : ShowMissingComponent: [M:algorithms.BinomialQueue.Main(System.String[])] Missing &lt;summary&gt; documentation [D:\AUG\Computer-Art\Algorithms\C#\docs\Help\Working\BuildTopics.proj]
BuildAssembler : warning : ShowMissingComponent: [M:algorithms.BinomialQueue.Main(System.String[])] Missing &lt;param name=&quot;args&quot;/&gt; documentation [D:\AUG\Computer-Art\Algorithms\C#\docs\Help\Working\BuildTopics.proj]
BuildAssembler : warning : ShowMissingComponent: [M:algorithms.BinomialQueue.makeEmpty] Missing &lt;summary&gt; documentation [D:\AUG\Computer-Art\Algorithms\C#\docs\Help\Working\BuildTopics.proj]
BuildAssembler : warning : ShowMissingComponent: [M:algorithms.BinomialQueue.merge(algorithms.BinomialQueue)] Missing &lt;summary&gt; documentation [D:\AUG\Computer-Art\Algorithms\C#\docs\Help\Working\BuildTopics.proj]
BuildAssembler : warning : ShowMissingComponent: [M:algorithms.BinomialQueue.merge(algorithms.BinomialQueue)] Missing &lt;param name=&quot;rhs&quot;/&gt; documentation [D:\AUG\Computer-Art\Algorithms\C#\docs\Help\Working\BuildTopics.proj]
BuildAssembler : warning : ShowMissingComponent: [T:algorithms.Comparable] Missing &lt;summary&gt; documentation [D:\AUG\Computer-Art\Algorithms\C#\docs\Help\Working\BuildTopics.proj]
BuildAssembler : warning : ShowMissingComponent: [M:algorithms.Comparable.compareTo(algorithms.Comparable)] Missing &lt;summary&gt; documentation [D:\AUG\Computer-Art\Algorithms\C#\docs\Help\Working\BuildTopics.proj]
BuildAssembler : warning : ShowMissingComponent: [M:algorithms.Comparable.compareTo(algorithms.Comparable)] Missing &lt;returns&gt; documentation [D:\AUG\Computer-Art\Algorithms\C#\docs\Help\Working\BuildTopics.proj]
BuildAssembler : warning : ShowMissingComponent: [M:algorithms.Comparable.compareTo(algorithms.Comparable)] Missing &lt;param name=&quot;rhs&quot;/&gt; documentation [D:\AUG\Computer-Art\Algorithms\C#\docs\Help\Working\BuildTopics.proj]
BuildAssembler : warning : ShowMissingComponent: [T:algorithms.CursorList] Missing &lt;summary&gt; documentation [D:\AUG\Computer-Art\Algorithms\C#\docs\Help\Working\BuildTopics.proj]
BuildAssembler : warning : ShowMissingComponent: [P:algorithms.CursorList.Empty] Missing &lt;summary&gt; documentation [D:\AUG\Computer-Art\Algorithms\C#\docs\Help\Working\BuildTopics.proj]
BuildAssembler : warning : ShowMissingComponent: [M:algorithms.CursorList.find(System.Object)] Missing &lt;summary&gt; documentation [D:\AUG\Computer-Art\Algorithms\C#\docs\Help\Working\BuildTopics.proj]
BuildAssembler : warning : ShowMissingComponent: [M:algorithms.CursorList.find(System.Object)] Missing &lt;returns&gt; documentation [D:\AUG\Computer-Art\Algorithms\C#\docs\Help\Working\BuildTopics.proj]
BuildAssembler : warning : ShowMissingComponent: [M:algorithms.CursorList.find(System.Object)] Missing &lt;param name=&quot;x&quot;/&gt; documentation [D:\AUG\Computer-Art\Algorithms\C#\docs\Help\Working\BuildTopics.proj]
BuildAssembler : warning : ShowMissingComponent: [M:algorithms.CursorList.findPrevious(System.Object)] Missing &lt;summary&gt; documentation [D:\AUG\Computer-Art\Algorithms\C#\docs\Help\Working\BuildTopics.proj]
BuildAssembler : warning : ShowMissingComponent: [M:algorithms.CursorList.findPrevious(System.Object)] Missing &lt;returns&gt; documentation [D:\AUG\Computer-Art\Algorithms\C#\docs\Help\Working\BuildTopics.proj]
BuildAssembler : warning : ShowMissingComponent: [M:algorithms.CursorList.findPrevious(System.Object)] Missing &lt;param name=&quot;x&quot;/&gt; documentation [D:\AUG\Computer-Art\Algorithms\C#\docs\Help\Working\BuildTopics.proj]
BuildAssembler : warning : ShowMissingComponent: [M:algorithms.CursorList.first] Missing &lt;summary&gt; documentation [D:\AUG\Computer-Art\Algorithms\C#\docs\Help\Working\BuildTopics.proj]
BuildAssembler : warning : ShowMissingComponent: [M:algorithms.CursorList.first] Missing &lt;returns&gt; documentation [D:\AUG\Computer-Art\Algorithms\C#\docs\Help\Working\BuildTopics.proj]
BuildAssembler : warning : ShowMissingComponent: [M:algorithms.CursorList.insert(System.Object,algorithms.CursorListItr)] Missing &lt;summary&gt; documentation [D:\AUG\Computer-Art\Algorithms\C#\docs\Help\Working\BuildTopics.proj]
BuildAssembler : warning : ShowMissingComponent: [M:algorithms.CursorList.insert(System.Object,algorithms.CursorListItr)] Missing &lt;param name=&quot;x&quot;/&gt; documentation [D:\AUG\Computer-Art\Algorithms\C#\docs\Help\Working\BuildTopics.proj]
BuildAssembler : warning : ShowMissingComponent: [M:algorithms.CursorList.insert(System.Object,algorithms.CursorListItr)] Missing &lt;param name=&quot;p&quot;/&gt; documentation [D:\AUG\Computer-Art\Algorithms\C#\docs\Help\Working\BuildTopics.proj]
BuildAssembler : warning : ShowMissingComponent: [M:algorithms.CursorList.Main(System.String[])] Missing &lt;summary&gt; documentation [D:\AUG\Computer-Art\Algorithms\C#\docs\Help\Working\BuildTopics.proj]
BuildAssembler : warning : ShowMissingComponent: [M:algorithms.CursorList.Main(System.String[])] Missing &lt;param name=&quot;args&quot;/&gt; documentation [D:\AUG\Computer-Art\Algorithms\C#\docs\Help\Working\BuildTopics.proj]
BuildAssembler : warning : ShowMissingComponent: [M:algorithms.CursorList.makeEmpty] Missing &lt;summary&gt; documentation [D:\AUG\Computer-Art\Algorithms\C#\docs\Help\Working\BuildTopics.proj]
BuildAssembler : warning : ShowMissingComponent: [M:algorithms.CursorList.printList(algorithms.CursorList)] Missing &lt;summary&gt; documentation [D:\AUG\Computer-Art\Algorithms\C#\docs\Help\Working\BuildTopics.proj]
BuildAssembler : warning : ShowMissingComponent: [M:algorithms.CursorList.printList(algorithms.CursorList)] Missing &lt;param name=&quot;theList&quot;/&gt; documentation [D:\AUG\Computer-Art\Algorithms\C#\docs\Help\Working\BuildTopics.proj]
BuildAssembler : warning : ShowMissingComponent: [M:algorithms.CursorList.remove(System.Object)] Missing &lt;summary&gt; documentation [D:\AUG\Computer-Art\Algorithms\C#\docs\Help\Working\BuildTopics.proj]
BuildAssembler : warning : ShowMissingComponent: [M:algorithms.CursorList.remove(System.Object)] Missing &lt;param name=&quot;x&quot;/&gt; documentation [D:\AUG\Computer-Art\Algorithms\C#\docs\Help\Working\BuildTopics.proj]
BuildAssembler : warning : ShowMissingComponent: [M:algorithms.CursorList.zeroth] Missing &lt;summary&gt; documentation [D:\AUG\Computer-Art\Algorithms\C#\docs\Help\Working\BuildTopics.proj]
BuildAssembler : warning : ShowMissingComponent: [M:algorithms.CursorList.zeroth] Missing &lt;returns&gt; documentation [D:\AUG\Computer-Art\Algorithms\C#\docs\Help\Working\BuildTopics.proj]
BuildAssembler : warning : ShowMissingComponent: [T:algorithms.CursorListItr] Missing &lt;summary&gt; documentation [D:\AUG\Computer-Art\Algorithms\C#\docs\Help\Working\BuildTopics.proj]
BuildAssembler : warning : ShowMissingComponent: [M:algorithms.CursorListItr.advance] Missing &lt;summary&gt; documentation [D:\AUG\Computer-Art\Algorithms\C#\docs\Help\Working\BuildTopics.proj]
BuildAssembler : warning : ShowMissingComponent: [P:algorithms.CursorListItr.PastEnd] Missing &lt;summary&gt; documentation [D:\AUG\Computer-Art\Algorithms\C#\docs\Help\Working\BuildTopics.proj]
BuildAssembler : warning : ShowMissingComponent: [M:algorithms.CursorListItr.retrieve] Missing &lt;summary&gt; documentation [D:\AUG\Computer-Art\Algorithms\C#\docs\Help\Working\BuildTopics.proj]
BuildAssembler : warning : ShowMissingComponent: [M:algorithms.CursorListItr.retrieve] Missing &lt;returns&gt; documentation [D:\AUG\Computer-Art\Algorithms\C#\docs\Help\Working\BuildTopics.proj]
BuildAssembler : warning : ShowMissingComponent: [T:algorithms.DisjSetsFast] Missing &lt;summary&gt; documentation [D:\AUG\Computer-Art\Algorithms\C#\docs\Help\Working\BuildTopics.proj]
BuildAssembler : warning : ShowMissingComponent: [M:algorithms.DisjSetsFast.#ctor(System.Int32)] Missing &lt;param name=&quot;numElements&quot;/&gt; documentation [D:\AUG\Computer-Art\Algorithms\C#\docs\Help\Working\BuildTopics.proj]
BuildAssembler : warning : ShowMissingComponent: [M:algorithms.DisjSetsFast.find(System.Int32)] Missing &lt;summary&gt; documentation [D:\AUG\Computer-Art\Algorithms\C#\docs\Help\Working\BuildTopics.proj]
BuildAssembler : warning : ShowMissingComponent: [M:algorithms.DisjSetsFast.find(System.Int32)] Missing &lt;returns&gt; documentation [D:\AUG\Computer-Art\Algorithms\C#\docs\Help\Working\BuildTopics.proj]
BuildAssembler : warning : ShowMissingComponent: [M:algorithms.DisjSetsFast.find(System.Int32)] Missing &lt;param name=&quot;x&quot;/&gt; documentation [D:\AUG\Computer-Art\Algorithms\C#\docs\Help\Working\BuildTopics.proj]
BuildAssembler : warning : ShowMissingComponent: [M:algorithms.DisjSetsFast.Main(System.String[])] Missing &lt;summary&gt; documentation [D:\AUG\Computer-Art\Algorithms\C#\docs\Help\Working\BuildTopics.proj]
BuildAssembler : warning : ShowMissingComponent: [M:algorithms.DisjSetsFast.Main(System.String[])] Missing &lt;param name=&quot;args&quot;/&gt; documentation [D:\AUG\Computer-Art\Algorithms\C#\docs\Help\Working\BuildTopics.proj]
BuildAssembler : warning : ShowMissingComponent: [M:algorithms.DisjSetsFast.union(System.Int32,System.Int32)] Missing &lt;summary&gt; documentation [D:\AUG\Computer-Art\Algorithms\C#\docs\Help\Working\BuildTopics.proj]
BuildAssembler : warning : ShowMissingComponent: [M:algorithms.DisjSetsFast.union(System.Int32,System.Int32)] Missing &lt;param name=&quot;root1&quot;/&gt; documentation [D:\AUG\Computer-Art\Algorithms\C#\docs\Help\Working\BuildTopics.proj]
BuildAssembler : warning : ShowMissingComponent: [M:algorithms.DisjSetsFast.union(System.Int32,System.Int32)] Missing &lt;param name=&quot;root2&quot;/&gt; documentation [D:\AUG\Computer-Art\Algorithms\C#\docs\Help\Working\BuildTopics.proj]
BuildAssembler : warning : ShowMissingComponent: [T:algorithms.Hashable] Missing &lt;summary&gt; documentation [D:\AUG\Computer-Art\Algorithms\C#\docs\Help\Working\BuildTopics.proj]
BuildAssembler : warning : ShowMissingComponent: [M:algorithms.Hashable.hash(System.Int32)] Missing &lt;summary&gt; documentation [D:\AUG\Computer-Art\Algorithms\C#\docs\Help\Working\BuildTopics.proj]
BuildAssembler : warning : ShowMissingComponent: [M:algorithms.Hashable.hash(System.Int32)] Missing &lt;returns&gt; documentation [D:\AUG\Computer-Art\Algorithms\C#\docs\Help\Working\BuildTopics.proj]
BuildAssembler : warning : ShowMissingComponent: [M:algorithms.Hashable.hash(System.Int32)] Missing &lt;param name=&quot;tableSize&quot;/&gt; documentation [D:\AUG\Computer-Art\Algorithms\C#\docs\Help\Working\BuildTopics.proj]
BuildAssembler : warning : ShowMissingComponent: [T:algorithms.LeftistHeap] Missing &lt;summary&gt; documentation [D:\AUG\Computer-Art\Algorithms\C#\docs\Help\Working\BuildTopics.proj]
BuildAssembler : warning : ShowMissingComponent: [M:algorithms.LeftistHeap.deleteMin] Missing &lt;summary&gt; documentation [D:\AUG\Computer-Art\Algorithms\C#\docs\Help\Working\BuildTopics.proj]
BuildAssembler : warning : ShowMissingComponent: [M:algorithms.LeftistHeap.deleteMin] Missing &lt;returns&gt; documentation [D:\AUG\Computer-Art\Algorithms\C#\docs\Help\Working\BuildTopics.proj]
BuildAssembler : warning : ShowMissingComponent: [P:algorithms.LeftistHeap.Empty] Missing &lt;summary&gt; documentation [D:\AUG\Computer-Art\Algorithms\C#\docs\Help\Working\BuildTopics.proj]
BuildAssembler : warning : ShowMissingComponent: [M:algorithms.LeftistHeap.findMin] Missing &lt;summary&gt; documentation [D:\AUG\Computer-Art\Algorithms\C#\docs\Help\Working\BuildTopics.proj]
BuildAssembler : warning : ShowMissingComponent: [M:algorithms.LeftistHeap.findMin] Missing &lt;returns&gt; documentation [D:\AUG\Computer-Art\Algorithms\C#\docs\Help\Working\BuildTopics.proj]
BuildAssembler : warning : ShowMissingComponent: [P:algorithms.LeftistHeap.Full] Missing &lt;summary&gt; documentation [D:\AUG\Computer-Art\Algorithms\C#\docs\Help\Working\BuildTopics.proj]
BuildAssembler : warning : ShowMissingComponent: [M:algorithms.LeftistHeap.insert(algorithms.Comparable)] Missing &lt;summary&gt; documentation [D:\AUG\Computer-Art\Algorithms\C#\docs\Help\Working\BuildTopics.proj]
BuildAssembler : warning : ShowMissingComponent: [M:algorithms.LeftistHeap.insert(algorithms.Comparable)] Missing &lt;param name=&quot;x&quot;/&gt; documentation [D:\AUG\Computer-Art\Algorithms\C#\docs\Help\Working\BuildTopics.proj]
BuildAssembler : warning : ShowMissingComponent: [M:algorithms.LeftistHeap.Main(System.String[])] Missing &lt;summary&gt; documentation [D:\AUG\Computer-Art\Algorithms\C#\docs\Help\Working\BuildTopics.proj]
BuildAssembler : warning : ShowMissingComponent: [M:algorithms.LeftistHeap.Main(System.String[])] Missing &lt;param name=&quot;args&quot;/&gt; documentation [D:\AUG\Computer-Art\Algorithms\C#\docs\Help\Working\BuildTopics.proj]
BuildAssembler : warning : ShowMissingComponent: [M:algorithms.LeftistHeap.makeEmpty] Missing &lt;summary&gt; documentation [D:\AUG\Computer-Art\Algorithms\C#\docs\Help\Working\BuildTopics.proj]
BuildAssembler : warning : ShowMissingComponent: [M:algorithms.LeftistHeap.merge(algorithms.LeftistHeap)] Missing &lt;summary&gt; documentation [D:\AUG\Computer-Art\Algorithms\C#\docs\Help\Working\BuildTopics.proj]
BuildAssembler : warning : ShowMissingComponent: [M:algorithms.LeftistHeap.merge(algorithms.LeftistHeap)] Missing &lt;param name=&quot;rhs&quot;/&gt; documentation [D:\AUG\Computer-Art\Algorithms\C#\docs\Help\Working\BuildTopics.proj]
BuildAssembler : warning : ShowMissingComponent: [T:algorithms.LinkedList] Missing &lt;summary&gt; documentation [D:\AUG\Computer-Art\Algorithms\C#\docs\Help\Working\BuildTopics.proj]
BuildAssembler : warning : ShowMissingComponent: [P:algorithms.LinkedList.Empty] Missing &lt;summary&gt; documentation [D:\AUG\Computer-Art\Algorithms\C#\docs\Help\Working\BuildTopics.proj]
BuildAssembler : warning : ShowMissingComponent: [M:algorithms.LinkedList.find(System.Object)] Missing &lt;summary&gt; documentation [D:\AUG\Computer-Art\Algorithms\C#\docs\Help\Working\BuildTopics.proj]
BuildAssembler : warning : ShowMissingComponent: [M:algorithms.LinkedList.find(System.Object)] Missing &lt;returns&gt; documentation [D:\AUG\Computer-Art\Algorithms\C#\docs\Help\Working\BuildTopics.proj]
BuildAssembler : warning : ShowMissingComponent: [M:algorithms.LinkedList.find(System.Object)] Missing &lt;param name=&quot;x&quot;/&gt; documentation [D:\AUG\Computer-Art\Algorithms\C#\docs\Help\Working\BuildTopics.proj]
BuildAssembler : warning : ShowMissingComponent: [M:algorithms.LinkedList.findPrevious(System.Object)] Missing &lt;summary&gt; documentation [D:\AUG\Computer-Art\Algorithms\C#\docs\Help\Working\BuildTopics.proj]
BuildAssembler : warning : ShowMissingComponent: [M:algorithms.LinkedList.findPrevious(System.Object)] Missing &lt;returns&gt; documentation [D:\AUG\Computer-Art\Algorithms\C#\docs\Help\Working\BuildTopics.proj]
BuildAssembler : warning : ShowMissingComponent: [M:algorithms.LinkedList.findPrevious(System.Object)] Missing &lt;param name=&quot;x&quot;/&gt; documentation [D:\AUG\Computer-Art\Algorithms\C#\docs\Help\Working\BuildTopics.proj]
BuildAssembler : warning : ShowMissingComponent: [M:algorithms.LinkedList.first] Missing &lt;summary&gt; documentation [D:\AUG\Computer-Art\Algorithms\C#\docs\Help\Working\BuildTopics.proj]
BuildAssembler : warning : ShowMissingComponent: [M:algorithms.LinkedList.first] Missing &lt;returns&gt; documentation [D:\AUG\Computer-Art\Algorithms\C#\docs\Help\Working\BuildTopics.proj]
BuildAssembler : warning : ShowMissingComponent: [M:algorithms.LinkedList.insert(System.Object,algorithms.LinkedListItr)] Missing &lt;summary&gt; documentation [D:\AUG\Computer-Art\Algorithms\C#\docs\Help\Working\BuildTopics.proj]
BuildAssembler : warning : ShowMissingComponent: [M:algorithms.LinkedList.insert(System.Object,algorithms.LinkedListItr)] Missing &lt;param name=&quot;x&quot;/&gt; documentation [D:\AUG\Computer-Art\Algorithms\C#\docs\Help\Working\BuildTopics.proj]
BuildAssembler : warning : ShowMissingComponent: [M:algorithms.LinkedList.insert(System.Object,algorithms.LinkedListItr)] Missing &lt;param name=&quot;p&quot;/&gt; documentation [D:\AUG\Computer-Art\Algorithms\C#\docs\Help\Working\BuildTopics.proj]
BuildAssembler : warning : ShowMissingComponent: [M:algorithms.LinkedList.Main(System.String[])] Missing &lt;summary&gt; documentation [D:\AUG\Computer-Art\Algorithms\C#\docs\Help\Working\BuildTopics.proj]
BuildAssembler : warning : ShowMissingComponent: [M:algorithms.LinkedList.Main(System.String[])] Missing &lt;param name=&quot;args&quot;/&gt; documentation [D:\AUG\Computer-Art\Algorithms\C#\docs\Help\Working\BuildTopics.proj]
BuildAssembler : warning : ShowMissingComponent: [M:algorithms.LinkedList.makeEmpty] Missing &lt;summary&gt; documentation [D:\AUG\Computer-Art\Algorithms\C#\docs\Help\Working\BuildTopics.proj]
BuildAssembler : warning : ShowMissingComponent: [M:algorithms.LinkedList.printList(algorithms.LinkedList)] Missing &lt;summary&gt; documentation [D:\AUG\Computer-Art\Algorithms\C#\docs\Help\Working\BuildTopics.proj]
BuildAssembler : warning : ShowMissingComponent: [M:algorithms.LinkedList.printList(algorithms.LinkedList)] Missing &lt;param name=&quot;theList&quot;/&gt; documentation [D:\AUG\Computer-Art\Algorithms\C#\docs\Help\Working\BuildTopics.proj]
BuildAssembler : warning : ShowMissingComponent: [M:algorithms.LinkedList.remove(System.Object)] Missing &lt;summary&gt; documentation [D:\AUG\Computer-Art\Algorithms\C#\docs\Help\Working\BuildTopics.proj]
BuildAssembler : warning : ShowMissingComponent: [M:algorithms.LinkedList.remove(System.Object)] Missing &lt;param name=&quot;x&quot;/&gt; documentation [D:\AUG\Computer-Art\Algorithms\C#\docs\Help\Working\BuildTopics.proj]
BuildAssembler : warning : ShowMissingComponent: [M:algorithms.LinkedList.zeroth] Missing &lt;summary&gt; documentation [D:\AUG\Computer-Art\Algorithms\C#\docs\Help\Working\BuildTopics.proj]
BuildAssembler : warning : ShowMissingComponent: [M:algorithms.LinkedList.zeroth] Missing &lt;returns&gt; documentation [D:\AUG\Computer-Art\Algorithms\C#\docs\Help\Working\BuildTopics.proj]
BuildAssembler : warning : ShowMissingComponent: [T:algorithms.LinkedListItr] Missing &lt;summary&gt; documentation [D:\AUG\Computer-Art\Algorithms\C#\docs\Help\Working\BuildTopics.proj]
BuildAssembler : warning : ShowMissingComponent: [M:algorithms.LinkedListItr.advance] Missing &lt;summary&gt; documentation [D:\AUG\Computer-Art\Algorithms\C#\docs\Help\Working\BuildTopics.proj]
BuildAssembler : warning : ShowMissingComponent: [P:algorithms.LinkedListItr.PastEnd] Missing &lt;summary&gt; documentation [D:\AUG\Computer-Art\Algorithms\C#\docs\Help\Working\BuildTopics.proj]
BuildAssembler : warning : ShowMissingComponent: [M:algorithms.LinkedListItr.retrieve] Missing &lt;summary&gt; documentation [D:\AUG\Computer-Art\Algorithms\C#\docs\Help\Working\BuildTopics.proj]
BuildAssembler : warning : ShowMissingComponent: [M:algorithms.LinkedListItr.retrieve] Missing &lt;returns&gt; documentation [D:\AUG\Computer-Art\Algorithms\C#\docs\Help\Working\BuildTopics.proj]
BuildAssembler : warning : ShowMissingComponent: [T:algorithms.MyInteger] Missing &lt;summary&gt; documentation [D:\AUG\Computer-Art\Algorithms\C#\docs\Help\Working\BuildTopics.proj]
BuildAssembler : warning : ShowMissingComponent: [M:algorithms.MyInteger.#ctor(System.Int32)] Missing &lt;param name=&quot;x&quot;/&gt; documentation [D:\AUG\Computer-Art\Algorithms\C#\docs\Help\Working\BuildTopics.proj]
BuildAssembler : warning : ShowMissingComponent: [M:algorithms.MyInteger.compareTo(algorithms.Comparable)] Missing &lt;summary&gt; documentation [D:\AUG\Computer-Art\Algorithms\C#\docs\Help\Working\BuildTopics.proj]
BuildAssembler : warning : ShowMissingComponent: [M:algorithms.MyInteger.compareTo(algorithms.Comparable)] Missing &lt;returns&gt; documentation [D:\AUG\Computer-Art\Algorithms\C#\docs\Help\Working\BuildTopics.proj]
BuildAssembler : warning : ShowMissingComponent: [M:algorithms.MyInteger.compareTo(algorithms.Comparable)] Missing &lt;param name=&quot;rhs&quot;/&gt; documentation [D:\AUG\Computer-Art\Algorithms\C#\docs\Help\Working\BuildTopics.proj]
BuildAssembler : warning : ShowMissingComponent: [M:algorithms.MyInteger.Equals(System.Object)] Missing &lt;summary&gt; documentation [D:\AUG\Computer-Art\Algorithms\C#\docs\Help\Working\BuildTopics.proj]
BuildAssembler : warning : ShowMissingComponent: [M:algorithms.MyInteger.Equals(System.Object)] Missing &lt;returns&gt; documentation [D:\AUG\Computer-Art\Algorithms\C#\docs\Help\Working\BuildTopics.proj]
BuildAssembler : warning : ShowMissingComponent: [M:algorithms.MyInteger.Equals(System.Object)] Missing &lt;param name=&quot;rhs&quot;/&gt; documentation [D:\AUG\Computer-Art\Algorithms\C#\docs\Help\Working\BuildTopics.proj]
BuildAssembler : warning : ShowMissingComponent: [M:algorithms.MyInteger.GetHashCode] Missing &lt;summary&gt; documentation [D:\AUG\Computer-Art\Algorithms\C#\docs\Help\Working\BuildTopics.proj]
BuildAssembler : warning : ShowMissingComponent: [M:algorithms.MyInteger.GetHashCode] Missing &lt;returns&gt; documentation [D:\AUG\Computer-Art\Algorithms\C#\docs\Help\Working\BuildTopics.proj]
BuildAssembler : warning : ShowMissingComponent: [M:algorithms.MyInteger.hash(System.Int32)] Missing &lt;summary&gt; documentation [D:\AUG\Computer-Art\Algorithms\C#\docs\Help\Working\BuildTopics.proj]
BuildAssembler : warning : ShowMissingComponent: [M:algorithms.MyInteger.hash(System.Int32)] Missing &lt;returns&gt; documentation [D:\AUG\Computer-Art\Algorithms\C#\docs\Help\Working\BuildTopics.proj]
BuildAssembler : warning : ShowMissingComponent: [M:algorithms.MyInteger.hash(System.Int32)] Missing &lt;param name=&quot;tableSize&quot;/&gt; documentation [D:\AUG\Computer-Art\Algorithms\C#\docs\Help\Working\BuildTopics.proj]
BuildAssembler : warning : ShowMissingComponent: [M:algorithms.MyInteger.intValue] Missing &lt;summary&gt; documentation [D:\AUG\Computer-Art\Algorithms\C#\docs\Help\Working\BuildTopics.proj]
BuildAssembler : warning : ShowMissingComponent: [M:algorithms.MyInteger.intValue] Missing &lt;returns&gt; documentation [D:\AUG\Computer-Art\Algorithms\C#\docs\Help\Working\BuildTopics.proj]
BuildAssembler : warning : ShowMissingComponent: [M:algorithms.MyInteger.ToString] Missing &lt;summary&gt; documentation [D:\AUG\Computer-Art\Algorithms\C#\docs\Help\Working\BuildTopics.proj]
BuildAssembler : warning : ShowMissingComponent: [M:algorithms.MyInteger.ToString] Missing &lt;returns&gt; documentation [D:\AUG\Computer-Art\Algorithms\C#\docs\Help\Working\BuildTopics.proj]
BuildAssembler : warning : ShowMissingComponent: [T:algorithms.Overflow] Missing &lt;summary&gt; documentation [D:\AUG\Computer-Art\Algorithms\C#\docs\Help\Working\BuildTopics.proj]
BuildAssembler : warning : ShowMissingComponent: [T:algorithms.PairHeap] Missing &lt;summary&gt; documentation [D:\AUG\Computer-Art\Algorithms\C#\docs\Help\Working\BuildTopics.proj]
BuildAssembler : warning : ShowMissingComponent: [M:algorithms.PairHeap.decreaseKey(algorithms.PairNode,algorithms.Comparable)] Missing &lt;summary&gt; documentation [D:\AUG\Computer-Art\Algorithms\C#\docs\Help\Working\BuildTopics.proj]
BuildAssembler : warning : ShowMissingComponent: [M:algorithms.PairHeap.decreaseKey(algorithms.PairNode,algorithms.Comparable)] Missing &lt;param name=&quot;p&quot;/&gt; documentation [D:\AUG\Computer-Art\Algorithms\C#\docs\Help\Working\BuildTopics.proj]
BuildAssembler : warning : ShowMissingComponent: [M:algorithms.PairHeap.decreaseKey(algorithms.PairNode,algorithms.Comparable)] Missing &lt;param name=&quot;newVal&quot;/&gt; documentation [D:\AUG\Computer-Art\Algorithms\C#\docs\Help\Working\BuildTopics.proj]
BuildAssembler : warning : ShowMissingComponent: [M:algorithms.PairHeap.deleteMin] Missing &lt;summary&gt; documentation [D:\AUG\Computer-Art\Algorithms\C#\docs\Help\Working\BuildTopics.proj]
BuildAssembler : warning : ShowMissingComponent: [M:algorithms.PairHeap.deleteMin] Missing &lt;returns&gt; documentation [D:\AUG\Computer-Art\Algorithms\C#\docs\Help\Working\BuildTopics.proj]
BuildAssembler : warning : ShowMissingComponent: [P:algorithms.PairHeap.Empty] Missing &lt;summary&gt; documentation [D:\AUG\Computer-Art\Algorithms\C#\docs\Help\Working\BuildTopics.proj]
BuildAssembler : warning : ShowMissingComponent: [M:algorithms.PairHeap.findMin] Missing &lt;summary&gt; documentation [D:\AUG\Computer-Art\Algorithms\C#\docs\Help\Working\BuildTopics.proj]
BuildAssembler : warning : ShowMissingComponent: [M:algorithms.PairHeap.findMin] Missing &lt;returns&gt; documentation [D:\AUG\Computer-Art\Algorithms\C#\docs\Help\Working\BuildTopics.proj]
BuildAssembler : warning : ShowMissingComponent: [M:algorithms.PairHeap.insert(algorithms.Comparable)] Missing &lt;summary&gt; documentation [D:\AUG\Computer-Art\Algorithms\C#\docs\Help\Working\BuildTopics.proj]
BuildAssembler : warning : ShowMissingComponent: [M:algorithms.PairHeap.insert(algorithms.Comparable)] Missing &lt;returns&gt; documentation [D:\AUG\Computer-Art\Algorithms\C#\docs\Help\Working\BuildTopics.proj]
BuildAssembler : warning : ShowMissingComponent: [M:algorithms.PairHeap.insert(algorithms.Comparable)] Missing &lt;param name=&quot;x&quot;/&gt; documentation [D:\AUG\Computer-Art\Algorithms\C#\docs\Help\Working\BuildTopics.proj]
BuildAssembler : warning : ShowMissingComponent: [M:algorithms.PairHeap.Main(System.String[])] Missing &lt;summary&gt; documentation [D:\AUG\Computer-Art\Algorithms\C#\docs\Help\Working\BuildTopics.proj]
BuildAssembler : warning : ShowMissingComponent: [M:algorithms.PairHeap.Main(System.String[])] Missing &lt;param name=&quot;args&quot;/&gt; documentation [D:\AUG\Computer-Art\Algorithms\C#\docs\Help\Working\BuildTopics.proj]
BuildAssembler : warning : ShowMissingComponent: [M:algorithms.PairHeap.makeEmpty] Missing &lt;summary&gt; documentation [D:\AUG\Computer-Art\Algorithms\C#\docs\Help\Working\BuildTopics.proj]
BuildAssembler : warning : ShowMissingComponent: [T:algorithms.PairNode] Missing &lt;summary&gt; documentation [D:\AUG\Computer-Art\Algorithms\C#\docs\Help\Working\BuildTopics.proj]
BuildAssembler : warning : ShowMissingComponent: [T:algorithms.QueueAr] Missing &lt;summary&gt; documentation [D:\AUG\Computer-Art\Algorithms\C#\docs\Help\Working\BuildTopics.proj]
BuildAssembler : warning : ShowMissingComponent: [M:algorithms.QueueAr.#ctor(System.Int32)] Missing &lt;param name=&quot;capacity&quot;/&gt; documentation [D:\AUG\Computer-Art\Algorithms\C#\docs\Help\Working\BuildTopics.proj]
BuildAssembler : warning : ShowMissingComponent: [M:algorithms.QueueAr.dequeue] Missing &lt;summary&gt; documentation [D:\AUG\Computer-Art\Algorithms\C#\docs\Help\Working\BuildTopics.proj]
BuildAssembler : warning : ShowMissingComponent: [M:algorithms.QueueAr.dequeue] Missing &lt;returns&gt; documentation [D:\AUG\Computer-Art\Algorithms\C#\docs\Help\Working\BuildTopics.proj]
BuildAssembler : warning : ShowMissingComponent: [P:algorithms.QueueAr.Empty] Missing &lt;summary&gt; documentation [D:\AUG\Computer-Art\Algorithms\C#\docs\Help\Working\BuildTopics.proj]
BuildAssembler : warning : ShowMissingComponent: [M:algorithms.QueueAr.enqueue(System.Object)] Missing &lt;summary&gt; documentation [D:\AUG\Computer-Art\Algorithms\C#\docs\Help\Working\BuildTopics.proj]
BuildAssembler : warning : ShowMissingComponent: [M:algorithms.QueueAr.enqueue(System.Object)] Missing &lt;param name=&quot;x&quot;/&gt; documentation [D:\AUG\Computer-Art\Algorithms\C#\docs\Help\Working\BuildTopics.proj]
BuildAssembler : warning : ShowMissingComponent: [P:algorithms.QueueAr.Front] Missing &lt;summary&gt; documentation [D:\AUG\Computer-Art\Algorithms\C#\docs\Help\Working\BuildTopics.proj]
BuildAssembler : warning : ShowMissingComponent: [P:algorithms.QueueAr.Full] Missing &lt;summary&gt; documentation [D:\AUG\Computer-Art\Algorithms\C#\docs\Help\Working\BuildTopics.proj]
BuildAssembler : warning : ShowMissingComponent: [M:algorithms.QueueAr.Main(System.String[])] Missing &lt;summary&gt; documentation [D:\AUG\Computer-Art\Algorithms\C#\docs\Help\Working\BuildTopics.proj]
BuildAssembler : warning : ShowMissingComponent: [M:algorithms.QueueAr.Main(System.String[])] Missing &lt;param name=&quot;args&quot;/&gt; documentation [D:\AUG\Computer-Art\Algorithms\C#\docs\Help\Working\BuildTopics.proj]
BuildAssembler : warning : ShowMissingComponent: [M:algorithms.QueueAr.makeEmpty] Missing &lt;summary&gt; documentation [D:\AUG\Computer-Art\Algorithms\C#\docs\Help\Working\BuildTopics.proj]
BuildAssembler : warning : ShowMissingComponent: [T:algorithms.SeparateChainingHashTable] Missing &lt;summary&gt; documentation [D:\AUG\Computer-Art\Algorithms\C#\docs\Help\Working\BuildTopics.proj]
BuildAssembler : warning : ShowMissingComponent: [M:algorithms.SeparateChainingHashTable.#ctor(System.Int32)] Missing &lt;param name=&quot;size&quot;/&gt; documentation [D:\AUG\Computer-Art\Algorithms\C#\docs\Help\Working\BuildTopics.proj]
BuildAssembler : warning : ShowMissingComponent: [M:algorithms.SeparateChainingHashTable.find(algorithms.Hashable)] Missing &lt;summary&gt; documentation [D:\AUG\Computer-Art\Algorithms\C#\docs\Help\Working\BuildTopics.proj]
BuildAssembler : warning : ShowMissingComponent: [M:algorithms.SeparateChainingHashTable.find(algorithms.Hashable)] Missing &lt;returns&gt; documentation [D:\AUG\Computer-Art\Algorithms\C#\docs\Help\Working\BuildTopics.proj]
BuildAssembler : warning : ShowMissingComponent: [M:algorithms.SeparateChainingHashTable.find(algorithms.Hashable)] Missing &lt;param name=&quot;x&quot;/&gt; documentation [D:\AUG\Computer-Art\Algorithms\C#\docs\Help\Working\BuildTopics.proj]
BuildAssembler : warning : ShowMissingComponent: [M:algorithms.SeparateChainingHashTable.hash(System.String,System.Int32)] Missing &lt;summary&gt; documentation [D:\AUG\Computer-Art\Algorithms\C#\docs\Help\Working\BuildTopics.proj]
BuildAssembler : warning : ShowMissingComponent: [M:algorithms.SeparateChainingHashTable.hash(System.String,System.Int32)] Missing &lt;returns&gt; documentation [D:\AUG\Computer-Art\Algorithms\C#\docs\Help\Working\BuildTopics.proj]
BuildAssembler : warning : ShowMissingComponent: [M:algorithms.SeparateChainingHashTable.hash(System.String,System.Int32)] Missing &lt;param name=&quot;key&quot;/&gt; documentation [D:\AUG\Computer-Art\Algorithms\C#\docs\Help\Working\BuildTopics.proj]
BuildAssembler : warning : ShowMissingComponent: [M:algorithms.SeparateChainingHashTable.hash(System.String,System.Int32)] Missing &lt;param name=&quot;tableSize&quot;/&gt; documentation [D:\AUG\Computer-Art\Algorithms\C#\docs\Help\Working\BuildTopics.proj]
BuildAssembler : warning : ShowMissingComponent: [M:algorithms.SeparateChainingHashTable.insert(algorithms.Hashable)] Missing &lt;summary&gt; documentation [D:\AUG\Computer-Art\Algorithms\C#\docs\Help\Working\BuildTopics.proj]
BuildAssembler : warning : ShowMissingComponent: [M:algorithms.SeparateChainingHashTable.insert(algorithms.Hashable)] Missing &lt;param name=&quot;x&quot;/&gt; documentation [D:\AUG\Computer-Art\Algorithms\C#\docs\Help\Working\BuildTopics.proj]
BuildAssembler : warning : ShowMissingComponent: [M:algorithms.SeparateChainingHashTable.Main(System.String[])] Missing &lt;summary&gt; documentation [D:\AUG\Computer-Art\Algorithms\C#\docs\Help\Working\BuildTopics.proj]
BuildAssembler : warning : ShowMissingComponent: [M:algorithms.SeparateChainingHashTable.Main(System.String[])] Missing &lt;param name=&quot;args&quot;/&gt; documentation [D:\AUG\Computer-Art\Algorithms\C#\docs\Help\Working\BuildTopics.proj]
BuildAssembler : warning : ShowMissingComponent: [M:algorithms.SeparateChainingHashTable.makeEmpty] Missing &lt;summary&gt; documentation [D:\AUG\Computer-Art\Algorithms\C#\docs\Help\Working\BuildTopics.proj]
BuildAssembler : warning : ShowMissingComponent: [M:algorithms.SeparateChainingHashTable.remove(algorithms.Hashable)] Missing &lt;summary&gt; documentation [D:\AUG\Computer-Art\Algorithms\C#\docs\Help\Working\BuildTopics.proj]
BuildAssembler : warning : ShowMissingComponent: [M:algorithms.SeparateChainingHashTable.remove(algorithms.Hashable)] Missing &lt;param name=&quot;x&quot;/&gt; documentation [D:\AUG\Computer-Art\Algorithms\C#\docs\Help\Working\BuildTopics.proj]
BuildAssembler : warning : ShowMissingComponent: [T:algorithms.SplayTree] Missing &lt;summary&gt; documentation [D:\AUG\Computer-Art\Algorithms\C#\docs\Help\Working\BuildTopics.proj]
BuildAssembler : warning : ShowMissingComponent: [P:algorithms.SplayTree.Empty] Missing &lt;summary&gt; documentation [D:\AUG\Computer-Art\Algorithms\C#\docs\Help\Working\BuildTopics.proj]
BuildAssembler : warning : ShowMissingComponent: [M:algorithms.SplayTree.find(algorithms.Comparable)] Missing &lt;summary&gt; documentation [D:\AUG\Computer-Art\Algorithms\C#\docs\Help\Working\BuildTopics.proj]
BuildAssembler : warning : ShowMissingComponent: [M:algorithms.SplayTree.find(algorithms.Comparable)] Missing &lt;returns&gt; documentation [D:\AUG\Computer-Art\Algorithms\C#\docs\Help\Working\BuildTopics.proj]
BuildAssembler : warning : ShowMissingComponent: [M:algorithms.SplayTree.find(algorithms.Comparable)] Missing &lt;param name=&quot;x&quot;/&gt; documentation [D:\AUG\Computer-Art\Algorithms\C#\docs\Help\Working\BuildTopics.proj]
BuildAssembler : warning : ShowMissingComponent: [M:algorithms.SplayTree.findMax] Missing &lt;summary&gt; documentation [D:\AUG\Computer-Art\Algorithms\C#\docs\Help\Working\BuildTopics.proj]
BuildAssembler : warning : ShowMissingComponent: [M:algorithms.SplayTree.findMax] Missing &lt;returns&gt; documentation [D:\AUG\Computer-Art\Algorithms\C#\docs\Help\Working\BuildTopics.proj]
BuildAssembler : warning : ShowMissingComponent: [M:algorithms.SplayTree.findMin] Missing &lt;summary&gt; documentation [D:\AUG\Computer-Art\Algorithms\C#\docs\Help\Working\BuildTopics.proj]
BuildAssembler : warning : ShowMissingComponent: [M:algorithms.SplayTree.findMin] Missing &lt;returns&gt; documentation [D:\AUG\Computer-Art\Algorithms\C#\docs\Help\Working\BuildTopics.proj]
BuildAssembler : warning : ShowMissingComponent: [M:algorithms.SplayTree.insert(algorithms.Comparable)] Missing &lt;summary&gt; documentation [D:\AUG\Computer-Art\Algorithms\C#\docs\Help\Working\BuildTopics.proj]
BuildAssembler : warning : ShowMissingComponent: [M:algorithms.SplayTree.insert(algorithms.Comparable)] Missing &lt;param name=&quot;x&quot;/&gt; documentation [D:\AUG\Computer-Art\Algorithms\C#\docs\Help\Working\BuildTopics.proj]
BuildAssembler : warning : ShowMissingComponent: [M:algorithms.SplayTree.Main(System.String[])] Missing &lt;summary&gt; documentation [D:\AUG\Computer-Art\Algorithms\C#\docs\Help\Working\BuildTopics.proj]
BuildAssembler : warning : ShowMissingComponent: [M:algorithms.SplayTree.Main(System.String[])] Missing &lt;param name=&quot;args&quot;/&gt; documentation [D:\AUG\Computer-Art\Algorithms\C#\docs\Help\Working\BuildTopics.proj]
BuildAssembler : warning : ShowMissingComponent: [M:algorithms.SplayTree.makeEmpty] Missing &lt;summary&gt; documentation [D:\AUG\Computer-Art\Algorithms\C#\docs\Help\Working\BuildTopics.proj]
BuildAssembler : warning : ShowMissingComponent: [M:algorithms.SplayTree.printTree] Missing &lt;summary&gt; documentation [D:\AUG\Computer-Art\Algorithms\C#\docs\Help\Working\BuildTopics.proj]
BuildAssembler : warning : ShowMissingComponent: [M:algorithms.SplayTree.remove(algorithms.Comparable)] Missing &lt;summary&gt; documentation [D:\AUG\Computer-Art\Algorithms\C#\docs\Help\Working\BuildTopics.proj]
BuildAssembler : warning : ShowMissingComponent: [M:algorithms.SplayTree.remove(algorithms.Comparable)] Missing &lt;param name=&quot;x&quot;/&gt; documentation [D:\AUG\Computer-Art\Algorithms\C#\docs\Help\Working\BuildTopics.proj]
BuildAssembler : warning : ShowMissingComponent: [T:algorithms.StackAr] Missing &lt;summary&gt; documentation [D:\AUG\Computer-Art\Algorithms\C#\docs\Help\Working\BuildTopics.proj]
BuildAssembler : warning : ShowMissingComponent: [M:algorithms.StackAr.#ctor(System.Int32)] Missing &lt;param name=&quot;capacity&quot;/&gt; documentation [D:\AUG\Computer-Art\Algorithms\C#\docs\Help\Working\BuildTopics.proj]
BuildAssembler : warning : ShowMissingComponent: [P:algorithms.StackAr.Empty] Missing &lt;summary&gt; documentation [D:\AUG\Computer-Art\Algorithms\C#\docs\Help\Working\BuildTopics.proj]
BuildAssembler : warning : ShowMissingComponent: [P:algorithms.StackAr.Full] Missing &lt;summary&gt; documentation [D:\AUG\Computer-Art\Algorithms\C#\docs\Help\Working\BuildTopics.proj]
BuildAssembler : warning : ShowMissingComponent: [M:algorithms.StackAr.Main(System.String[])] Missing &lt;summary&gt; documentation [D:\AUG\Computer-Art\Algorithms\C#\docs\Help\Working\BuildTopics.proj]
BuildAssembler : warning : ShowMissingComponent: [M:algorithms.StackAr.Main(System.String[])] Missing &lt;param name=&quot;args&quot;/&gt; documentation [D:\AUG\Computer-Art\Algorithms\C#\docs\Help\Working\BuildTopics.proj]
BuildAssembler : warning : ShowMissingComponent: [M:algorithms.StackAr.makeEmpty] Missing &lt;summary&gt; documentation [D:\AUG\Computer-Art\Algorithms\C#\docs\Help\Working\BuildTopics.proj]
BuildAssembler : warning : ShowMissingComponent: [M:algorithms.StackAr.pop] Missing &lt;summary&gt; documentation [D:\AUG\Computer-Art\Algorithms\C#\docs\Help\Working\BuildTopics.proj]
BuildAssembler : warning : ShowMissingComponent: [M:algorithms.StackAr.push(System.Object)] Missing &lt;summary&gt; documentation [D:\AUG\Computer-Art\Algorithms\C#\docs\Help\Working\BuildTopics.proj]
BuildAssembler : warning : ShowMissingComponent: [M:algorithms.StackAr.push(System.Object)] Missing &lt;param name=&quot;x&quot;/&gt; documentation [D:\AUG\Computer-Art\Algorithms\C#\docs\Help\Working\BuildTopics.proj]
BuildAssembler : warning : ShowMissingComponent: [M:algorithms.StackAr.top] Missing &lt;summary&gt; documentation [D:\AUG\Computer-Art\Algorithms\C#\docs\Help\Working\BuildTopics.proj]
BuildAssembler : warning : ShowMissingComponent: [M:algorithms.StackAr.top] Missing &lt;returns&gt; documentation [D:\AUG\Computer-Art\Algorithms\C#\docs\Help\Working\BuildTopics.proj]
BuildAssembler : warning : ShowMissingComponent: [M:algorithms.StackAr.topAndPop] Missing &lt;summary&gt; documentation [D:\AUG\Computer-Art\Algorithms\C#\docs\Help\Working\BuildTopics.proj]
BuildAssembler : warning : ShowMissingComponent: [M:algorithms.StackAr.topAndPop] Missing &lt;returns&gt; documentation [D:\AUG\Computer-Art\Algorithms\C#\docs\Help\Working\BuildTopics.proj]
BuildAssembler : warning : ShowMissingComponent: [T:algorithms.StackLi] Missing &lt;summary&gt; documentation [D:\AUG\Computer-Art\Algorithms\C#\docs\Help\Working\BuildTopics.proj]
BuildAssembler : warning : ShowMissingComponent: [P:algorithms.StackLi.Empty] Missing &lt;summary&gt; documentation [D:\AUG\Computer-Art\Algorithms\C#\docs\Help\Working\BuildTopics.proj]
BuildAssembler : warning : ShowMissingComponent: [P:algorithms.StackLi.Full] Missing &lt;summary&gt; documentation [D:\AUG\Computer-Art\Algorithms\C#\docs\Help\Working\BuildTopics.proj]
BuildAssembler : warning : ShowMissingComponent: [M:algorithms.StackLi.Main(System.String[])] Missing &lt;summary&gt; documentation [D:\AUG\Computer-Art\Algorithms\C#\docs\Help\Working\BuildTopics.proj]
BuildAssembler : warning : ShowMissingComponent: [M:algorithms.StackLi.Main(System.String[])] Missing &lt;param name=&quot;args&quot;/&gt; documentation [D:\AUG\Computer-Art\Algorithms\C#\docs\Help\Working\BuildTopics.proj]
BuildAssembler : warning : ShowMissingComponent: [M:algorithms.StackLi.makeEmpty] Missing &lt;summary&gt; documentation [D:\AUG\Computer-Art\Algorithms\C#\docs\Help\Working\BuildTopics.proj]
BuildAssembler : warning : ShowMissingComponent: [M:algorithms.StackLi.pop] Missing &lt;summary&gt; documentation [D:\AUG\Computer-Art\Algorithms\C#\docs\Help\Working\BuildTopics.proj]
BuildAssembler : warning : ShowMissingComponent: [M:algorithms.StackLi.push(System.Object)] Missing &lt;summary&gt; documentation [D:\AUG\Computer-Art\Algorithms\C#\docs\Help\Working\BuildTopics.proj]
BuildAssembler : warning : ShowMissingComponent: [M:algorithms.StackLi.push(System.Object)] Missing &lt;param name=&quot;x&quot;/&gt; documentation [D:\AUG\Computer-Art\Algorithms\C#\docs\Help\Working\BuildTopics.proj]
BuildAssembler : warning : ShowMissingComponent: [M:algorithms.StackLi.top] Missing &lt;summary&gt; documentation [D:\AUG\Computer-Art\Algorithms\C#\docs\Help\Working\BuildTopics.proj]
BuildAssembler : warning : ShowMissingComponent: [M:algorithms.StackLi.top] Missing &lt;returns&gt; documentation [D:\AUG\Computer-Art\Algorithms\C#\docs\Help\Working\BuildTopics.proj]
BuildAssembler : warning : ShowMissingComponent: [M:algorithms.StackLi.topAndPop] Missing &lt;summary&gt; documentation [D:\AUG\Computer-Art\Algorithms\C#\docs\Help\Working\BuildTopics.proj]
BuildAssembler : warning : ShowMissingComponent: [M:algorithms.StackLi.topAndPop] Missing &lt;returns&gt; documentation [D:\AUG\Computer-Art\Algorithms\C#\docs\Help\Working\BuildTopics.proj]
BuildAssembler : warning : ShowMissingComponent: [T:algorithms.Underflow] Missing &lt;summary&gt; documentation [D:\AUG\Computer-Art\Algorithms\C#\docs\Help\Working\BuildTopics.proj]
BuildAssembler : warning : ShowMissingComponent: [N:Algorithms] Missing &lt;summary&gt; documentation [D:\AUG\Computer-Art\Algorithms\C#\docs\Help\Working\BuildTopics.proj]
BuildAssembler : warning : ShowMissingComponent: [T:Algorithms.BubbleSort] Missing &lt;summary&gt; documentation [D:\AUG\Computer-Art\Algorithms\C#\docs\Help\Working\BuildTopics.proj]
BuildAssembler : warning : ShowMissingComponent: [M:Algorithms.BubbleSort.bubble_sort_generic``1(``0[])] Missing &lt;summary&gt; documentation [D:\AUG\Computer-Art\Algorithms\C#\docs\Help\Working\BuildTopics.proj]
BuildAssembler : warning : ShowMissingComponent: [M:Algorithms.BubbleSort.bubble_sort_generic``1(``0[])] Missing &lt;typeparam name=&quot;T&quot;/&gt; documentation [D:\AUG\Computer-Art\Algorithms\C#\docs\Help\Working\BuildTopics.proj]
BuildAssembler : warning : ShowMissingComponent: [M:Algorithms.BubbleSort.bubble_sort_generic``1(``0[])] Missing &lt;param name=&quot;array&quot;/&gt; documentation [D:\AUG\Computer-Art\Algorithms\C#\docs\Help\Working\BuildTopics.proj]
BuildAssembler : warning : ShowMissingComponent: [T:Algorithms.GCD] Missing &lt;summary&gt; documentation [D:\AUG\Computer-Art\Algorithms\C#\docs\Help\Working\BuildTopics.proj]
BuildAssembler : warning : ShowMissingComponent: [M:Algorithms.GCD.gcd(System.Int32,System.Int32)] Missing &lt;summary&gt; documentation [D:\AUG\Computer-Art\Algorithms\C#\docs\Help\Working\BuildTopics.proj]
BuildAssembler : warning : ShowMissingComponent: [M:Algorithms.GCD.gcd(System.Int32,System.Int32)] Missing &lt;returns&gt; documentation [D:\AUG\Computer-Art\Algorithms\C#\docs\Help\Working\BuildTopics.proj]
BuildAssembler : warning : ShowMissingComponent: [M:Algorithms.GCD.gcd(System.Int32,System.Int32)] Missing &lt;param name=&quot;a&quot;/&gt; documentation [D:\AUG\Computer-Art\Algorithms\C#\docs\Help\Working\BuildTopics.proj]
BuildAssembler : warning : ShowMissingComponent: [M:Algorithms.GCD.gcd(System.Int32,System.Int32)] Missing &lt;param name=&quot;b&quot;/&gt; documentation [D:\AUG\Computer-Art\Algorithms\C#\docs\Help\Working\BuildTopics.proj]
BuildAssembler : warning : ShowMissingComponent: [N:BoyerMoore] Missing &lt;summary&gt; documentation [D:\AUG\Computer-Art\Algorithms\C#\docs\Help\Working\BuildTopics.proj]
BuildAssembler : warning : ShowMissingComponent: [T:BoyerMoore.BoyerMoore] Missing &lt;summary&gt; documentation [D:\AUG\Computer-Art\Algorithms\C#\docs\Help\Working\BuildTopics.proj]
BuildAssembler : warning : ShowMissingComponent: [M:BoyerMoore.BoyerMoore.#ctor(System.String)] Missing &lt;param name=&quot;pattern&quot;/&gt; documentation [D:\AUG\Computer-Art\Algorithms\C#\docs\Help\Working\BuildTopics.proj]
BuildAssembler : warning : ShowMissingComponent: [M:BoyerMoore.BoyerMoore.ApostolicoGiancarloMatch(System.String)] Missing &lt;summary&gt; documentation [D:\AUG\Computer-Art\Algorithms\C#\docs\Help\Working\BuildTopics.proj]
BuildAssembler : warning : ShowMissingComponent: [M:BoyerMoore.BoyerMoore.ApostolicoGiancarloMatch(System.String)] Missing &lt;returns&gt; documentation [D:\AUG\Computer-Art\Algorithms\C#\docs\Help\Working\BuildTopics.proj]
BuildAssembler : warning : ShowMissingComponent: [M:BoyerMoore.BoyerMoore.ApostolicoGiancarloMatch(System.String)] Missing &lt;param name=&quot;text&quot;/&gt; documentation [D:\AUG\Computer-Art\Algorithms\C#\docs\Help\Working\BuildTopics.proj]
BuildAssembler : warning : ShowMissingComponent: [M:BoyerMoore.BoyerMoore.ApostolicoGiancarloMatch(System.String,System.Int32)] Missing &lt;summary&gt; documentation [D:\AUG\Computer-Art\Algorithms\C#\docs\Help\Working\BuildTopics.proj]
BuildAssembler : warning : ShowMissingComponent: [M:BoyerMoore.BoyerMoore.ApostolicoGiancarloMatch(System.String,System.Int32)] Missing &lt;returns&gt; documentation [D:\AUG\Computer-Art\Algorithms\C#\docs\Help\Working\BuildTopics.proj]
BuildAssembler : warning : ShowMissingComponent: [M:BoyerMoore.BoyerMoore.ApostolicoGiancarloMatch(System.String,System.Int32)] Missing &lt;param name=&quot;text&quot;/&gt; documentation [D:\AUG\Computer-Art\Algorithms\C#\docs\Help\Working\BuildTopics.proj]
BuildAssembler : warning : ShowMissingComponent: [M:BoyerMoore.BoyerMoore.ApostolicoGiancarloMatch(System.String,System.Int32)] Missing &lt;param name=&quot;startingIndex&quot;/&gt; documentation [D:\AUG\Computer-Art\Algorithms\C#\docs\Help\Working\BuildTopics.proj]
BuildAssembler : warning : ShowMissingComponent: [M:BoyerMoore.BoyerMoore.BCLMatch(System.String)] Missing &lt;summary&gt; documentation [D:\AUG\Computer-Art\Algorithms\C#\docs\Help\Working\BuildTopics.proj]
BuildAssembler : warning : ShowMissingComponent: [M:BoyerMoore.BoyerMoore.BCLMatch(System.String)] Missing &lt;returns&gt; documentation [D:\AUG\Computer-Art\Algorithms\C#\docs\Help\Working\BuildTopics.proj]
BuildAssembler : warning : ShowMissingComponent: [M:BoyerMoore.BoyerMoore.BCLMatch(System.String)] Missing &lt;param name=&quot;text&quot;/&gt; documentation [D:\AUG\Computer-Art\Algorithms\C#\docs\Help\Working\BuildTopics.proj]
BuildAssembler : warning : ShowMissingComponent: [M:BoyerMoore.BoyerMoore.BCLMatch(System.String,System.Int32)] Missing &lt;summary&gt; documentation [D:\AUG\Computer-Art\Algorithms\C#\docs\Help\Working\BuildTopics.proj]
BuildAssembler : warning : ShowMissingComponent: [M:BoyerMoore.BoyerMoore.BCLMatch(System.String,System.Int32)] Missing &lt;returns&gt; documentation [D:\AUG\Computer-Art\Algorithms\C#\docs\Help\Working\BuildTopics.proj]
BuildAssembler : warning : ShowMissingComponent: [M:BoyerMoore.BoyerMoore.BCLMatch(System.String,System.Int32)] Missing &lt;param name=&quot;text&quot;/&gt; documentation [D:\AUG\Computer-Art\Algorithms\C#\docs\Help\Working\BuildTopics.proj]
BuildAssembler : warning : ShowMissingComponent: [M:BoyerMoore.BoyerMoore.BCLMatch(System.String,System.Int32)] Missing &lt;param name=&quot;startingIndex&quot;/&gt; documentation [D:\AUG\Computer-Art\Algorithms\C#\docs\Help\Working\BuildTopics.proj]
BuildAssembler : warning : ShowMissingComponent: [M:BoyerMoore.BoyerMoore.BoyerMooreMatch(System.String)] Missing &lt;summary&gt; documentation [D:\AUG\Computer-Art\Algorithms\C#\docs\Help\Working\BuildTopics.proj]
BuildAssembler : warning : ShowMissingComponent: [M:BoyerMoore.BoyerMoore.BoyerMooreMatch(System.String)] Missing &lt;returns&gt; documentation [D:\AUG\Computer-Art\Algorithms\C#\docs\Help\Working\BuildTopics.proj]
BuildAssembler : warning : ShowMissingComponent: [M:BoyerMoore.BoyerMoore.BoyerMooreMatch(System.String)] Missing &lt;param name=&quot;text&quot;/&gt; documentation [D:\AUG\Computer-Art\Algorithms\C#\docs\Help\Working\BuildTopics.proj]
BuildAssembler : warning : ShowMissingComponent: [M:BoyerMoore.BoyerMoore.BoyerMooreMatch(System.String,System.Int32)] Missing &lt;summary&gt; documentation [D:\AUG\Computer-Art\Algorithms\C#\docs\Help\Working\BuildTopics.proj]
BuildAssembler : warning : ShowMissingComponent: [M:BoyerMoore.BoyerMoore.BoyerMooreMatch(System.String,System.Int32)] Missing &lt;returns&gt; documentation [D:\AUG\Computer-Art\Algorithms\C#\docs\Help\Working\BuildTopics.proj]
BuildAssembler : warning : ShowMissingComponent: [M:BoyerMoore.BoyerMoore.BoyerMooreMatch(System.String,System.Int32)] Missing &lt;param name=&quot;text&quot;/&gt; documentation [D:\AUG\Computer-Art\Algorithms\C#\docs\Help\Working\BuildTopics.proj]
BuildAssembler : warning : ShowMissingComponent: [M:BoyerMoore.BoyerMoore.BoyerMooreMatch(System.String,System.Int32)] Missing &lt;param name=&quot;startingIndex&quot;/&gt; documentation [D:\AUG\Computer-Art\Algorithms\C#\docs\Help\Working\BuildTopics.proj]
BuildAssembler : warning : ShowMissingComponent: [M:BoyerMoore.BoyerMoore.HorspoolMatch(System.String)] Missing &lt;summary&gt; documentation [D:\AUG\Computer-Art\Algorithms\C#\docs\Help\Working\BuildTopics.proj]
BuildAssembler : warning : ShowMissingComponent: [M:BoyerMoore.BoyerMoore.HorspoolMatch(System.String)] Missing &lt;returns&gt; documentation [D:\AUG\Computer-Art\Algorithms\C#\docs\Help\Working\BuildTopics.proj]
BuildAssembler : warning : ShowMissingComponent: [M:BoyerMoore.BoyerMoore.HorspoolMatch(System.String)] Missing &lt;param name=&quot;text&quot;/&gt; documentation [D:\AUG\Computer-Art\Algorithms\C#\docs\Help\Working\BuildTopics.proj]
BuildAssembler : warning : ShowMissingComponent: [M:BoyerMoore.BoyerMoore.HorspoolMatch(System.String,System.Int32)] Missing &lt;summary&gt; documentation [D:\AUG\Computer-Art\Algorithms\C#\docs\Help\Working\BuildTopics.proj]
BuildAssembler : warning : ShowMissingComponent: [M:BoyerMoore.BoyerMoore.HorspoolMatch(System.String,System.Int32)] Missing &lt;returns&gt; documentation [D:\AUG\Computer-Art\Algorithms\C#\docs\Help\Working\BuildTopics.proj]
BuildAssembler : warning : ShowMissingComponent: [M:BoyerMoore.BoyerMoore.HorspoolMatch(System.String,System.Int32)] Missing &lt;param name=&quot;text&quot;/&gt; documentation [D:\AUG\Computer-Art\Algorithms\C#\docs\Help\Working\BuildTopics.proj]
BuildAssembler : warning : ShowMissingComponent: [M:BoyerMoore.BoyerMoore.HorspoolMatch(System.String,System.Int32)] Missing &lt;param name=&quot;startingIndex&quot;/&gt; documentation [D:\AUG\Computer-Art\Algorithms\C#\docs\Help\Working\BuildTopics.proj]
BuildAssembler : warning : ShowMissingComponent: [M:BoyerMoore.BoyerMoore.TurboBoyerMooreMatch(System.String)] Missing &lt;summary&gt; documentation [D:\AUG\Computer-Art\Algorithms\C#\docs\Help\Working\BuildTopics.proj]
BuildAssembler : warning : ShowMissingComponent: [M:BoyerMoore.BoyerMoore.TurboBoyerMooreMatch(System.String)] Missing &lt;returns&gt; documentation [D:\AUG\Computer-Art\Algorithms\C#\docs\Help\Working\BuildTopics.proj]
BuildAssembler : warning : ShowMissingComponent: [M:BoyerMoore.BoyerMoore.TurboBoyerMooreMatch(System.String)] Missing &lt;param name=&quot;text&quot;/&gt; documentation [D:\AUG\Computer-Art\Algorithms\C#\docs\Help\Working\BuildTopics.proj]
BuildAssembler : warning : ShowMissingComponent: [M:BoyerMoore.BoyerMoore.TurboBoyerMooreMatch(System.String,System.Int32)] Missing &lt;summary&gt; documentation [D:\AUG\Computer-Art\Algorithms\C#\docs\Help\Working\BuildTopics.proj]
BuildAssembler : warning : ShowMissingComponent: [M:BoyerMoore.BoyerMoore.TurboBoyerMooreMatch(System.String,System.Int32)] Missing &lt;returns&gt; documentation [D:\AUG\Computer-Art\Algorithms\C#\docs\Help\Working\BuildTopics.proj]
BuildAssembler : warning : ShowMissingComponent: [M:BoyerMoore.BoyerMoore.TurboBoyerMooreMatch(System.String,System.Int32)] Missing &lt;param name=&quot;text&quot;/&gt; documentation [D:\AUG\Computer-Art\Algorithms\C#\docs\Help\Working\BuildTopics.proj]
BuildAssembler : warning : ShowMissingComponent: [M:BoyerMoore.BoyerMoore.TurboBoyerMooreMatch(System.String,System.Int32)] Missing &lt;param name=&quot;startingIndex&quot;/&gt; documentation [D:\AUG\Computer-Art\Algorithms\C#\docs\Help\Working\BuildTopics.proj]
BuildAssembler : warning : ShowMissingComponent: [N:LSCollections] Missing &lt;summary&gt; documentation [D:\AUG\Computer-Art\Algorithms\C#\docs\Help\Working\BuildTopics.proj]
BuildAssembler : warning : ShowMissingComponent: [T:LSCollections.SkipList] Missing &lt;summary&gt; documentation [D:\AUG\Computer-Art\Algorithms\C#\docs\Help\Working\BuildTopics.proj]
BuildAssembler : warning : ShowMissingComponent: [M:LSCollections.SkipList.#ctor(System.Collections.IComparer)] Missing &lt;param name=&quot;comparer&quot;/&gt; documentation [D:\AUG\Computer-Art\Algorithms\C#\docs\Help\Working\BuildTopics.proj]
BuildAssembler : warning : ShowMissingComponent: [M:LSCollections.SkipList.Add(System.Object,System.Object)] Missing &lt;summary&gt; documentation [D:\AUG\Computer-Art\Algorithms\C#\docs\Help\Working\BuildTopics.proj]
BuildAssembler : warning : ShowMissingComponent: [M:LSCollections.SkipList.Add(System.Object,System.Object)] Missing &lt;param name=&quot;key&quot;/&gt; documentation [D:\AUG\Computer-Art\Algorithms\C#\docs\Help\Working\BuildTopics.proj]
BuildAssembler : warning : ShowMissingComponent: [M:LSCollections.SkipList.Add(System.Object,System.Object)] Missing &lt;param name=&quot;value&quot;/&gt; documentation [D:\AUG\Computer-Art\Algorithms\C#\docs\Help\Working\BuildTopics.proj]
BuildAssembler : warning : ShowMissingComponent: [M:LSCollections.SkipList.Clear] Missing &lt;summary&gt; documentation [D:\AUG\Computer-Art\Algorithms\C#\docs\Help\Working\BuildTopics.proj]
BuildAssembler : warning : ShowMissingComponent: [M:LSCollections.SkipList.Contains(System.Object)] Missing &lt;summary&gt; documentation [D:\AUG\Computer-Art\Algorithms\C#\docs\Help\Working\BuildTopics.proj]
BuildAssembler : warning : ShowMissingComponent: [M:LSCollections.SkipList.Contains(System.Object)] Missing &lt;returns&gt; documentation [D:\AUG\Computer-Art\Algorithms\C#\docs\Help\Working\BuildTopics.proj]
BuildAssembler : warning : ShowMissingComponent: [M:LSCollections.SkipList.Contains(System.Object)] Missing &lt;param name=&quot;key&quot;/&gt; documentation [D:\AUG\Computer-Art\Algorithms\C#\docs\Help\Working\BuildTopics.proj]
BuildAssembler : warning : ShowMissingComponent: [M:LSCollections.SkipList.CopyTo(System.Array,System.Int32)] Missing &lt;summary&gt; documentation [D:\AUG\Computer-Art\Algorithms\C#\docs\Help\Working\BuildTopics.proj]
BuildAssembler : warning : ShowMissingComponent: [M:LSCollections.SkipList.CopyTo(System.Array,System.Int32)] Missing &lt;param name=&quot;array&quot;/&gt; documentation [D:\AUG\Computer-Art\Algorithms\C#\docs\Help\Working\BuildTopics.proj]
BuildAssembler : warning : ShowMissingComponent: [M:LSCollections.SkipList.CopyTo(System.Array,System.Int32)] Missing &lt;param name=&quot;index&quot;/&gt; documentation [D:\AUG\Computer-Art\Algorithms\C#\docs\Help\Working\BuildTopics.proj]
BuildAssembler : warning : ShowMissingComponent: [P:LSCollections.SkipList.Count] Missing &lt;summary&gt; documentation [D:\AUG\Computer-Art\Algorithms\C#\docs\Help\Working\BuildTopics.proj]
BuildAssembler : warning : ShowMissingComponent: [M:LSCollections.SkipList.Finalize] Missing &lt;summary&gt; documentation [D:\AUG\Computer-Art\Algorithms\C#\docs\Help\Working\BuildTopics.proj]
BuildAssembler : warning : ShowMissingComponent: [M:LSCollections.SkipList.GetEnumerator] Missing &lt;summary&gt; documentation [D:\AUG\Computer-Art\Algorithms\C#\docs\Help\Working\BuildTopics.proj]
BuildAssembler : warning : ShowMissingComponent: [M:LSCollections.SkipList.GetEnumerator] Missing &lt;returns&gt; documentation [D:\AUG\Computer-Art\Algorithms\C#\docs\Help\Working\BuildTopics.proj]
BuildAssembler : warning : ShowMissingComponent: [P:LSCollections.SkipList.IsFixedSize] Missing &lt;summary&gt; documentation [D:\AUG\Computer-Art\Algorithms\C#\docs\Help\Working\BuildTopics.proj]
BuildAssembler : warning : ShowMissingComponent: [P:LSCollections.SkipList.IsReadOnly] Missing &lt;summary&gt; documentation [D:\AUG\Computer-Art\Algorithms\C#\docs\Help\Working\BuildTopics.proj]
BuildAssembler : warning : ShowMissingComponent: [P:LSCollections.SkipList.IsSynchronized] Missing &lt;summary&gt; documentation [D:\AUG\Computer-Art\Algorithms\C#\docs\Help\Working\BuildTopics.proj]
BuildAssembler : warning : ShowMissingComponent: [P:LSCollections.SkipList.Item(System.Object)] Missing &lt;summary&gt; documentation [D:\AUG\Computer-Art\Algorithms\C#\docs\Help\Working\BuildTopics.proj]
BuildAssembler : warning : ShowMissingComponent: [P:LSCollections.SkipList.Keys] Missing &lt;summary&gt; documentation [D:\AUG\Computer-Art\Algorithms\C#\docs\Help\Working\BuildTopics.proj]
BuildAssembler : warning : ShowMissingComponent: [M:LSCollections.SkipList.Remove(System.Object)] Missing &lt;summary&gt; documentation [D:\AUG\Computer-Art\Algorithms\C#\docs\Help\Working\BuildTopics.proj]
BuildAssembler : warning : ShowMissingComponent: [M:LSCollections.SkipList.Remove(System.Object)] Missing &lt;param name=&quot;key&quot;/&gt; documentation [D:\AUG\Computer-Art\Algorithms\C#\docs\Help\Working\BuildTopics.proj]
BuildAssembler : warning : ShowMissingComponent: [P:LSCollections.SkipList.SyncRoot] Missing &lt;summary&gt; documentation [D:\AUG\Computer-Art\Algorithms\C#\docs\Help\Working\BuildTopics.proj]
BuildAssembler : warning : ShowMissingComponent: [P:LSCollections.SkipList.Values] Missing &lt;summary&gt; documentation [D:\AUG\Computer-Art\Algorithms\C#\docs\Help\Working\BuildTopics.proj]
  Processed 278 topic(s)
  344 warning(s)
  CopyFromIndexComponent: &quot;metadata&quot; in-memory cache entries used: 1 of 15.
  ResolveArtLinksComponent: Copying media files...
  CopyFromIndexComponent: &quot;reflection&quot; in-memory cache entries used: 4 of 15.
  CopyFromIndexComponent: &quot;comments&quot; in-memory cache entries used: 2 of 30.
Done Building Project &quot;D:\AUG\Computer-Art\Algorithms\C#\docs\Help\Working\BuildTopics.proj&quot; (default targets).
    Last step completed in 00:00:05.5226
</buildStep>
<buildStep step="CombiningIntermediateTocFiles">
Combining conceptual and API intermediate TOC files...
    Last step completed in 00:00:00.0000
</buildStep>
<buildStep step="CopyStandardHelpContent">
Copying standard help content...
C:\Program Files (x86)\EWSoftware\Sandcastle Help File Builder\PresentationStyles\Markdown\media\AlertCaution.png -&gt; D:\AUG\Computer-Art\Algorithms\C#\docs\Help\Working\Output\Markdown\media\AlertCaution.png
C:\Program Files (x86)\EWSoftware\Sandcastle Help File Builder\PresentationStyles\Markdown\media\AlertNote.png -&gt; D:\AUG\Computer-Art\Algorithms\C#\docs\Help\Working\Output\Markdown\media\AlertNote.png
C:\Program Files (x86)\EWSoftware\Sandcastle Help File Builder\PresentationStyles\Markdown\media\AlertSecurity.png -&gt; D:\AUG\Computer-Art\Algorithms\C#\docs\Help\Working\Output\Markdown\media\AlertSecurity.png
C:\Program Files (x86)\EWSoftware\Sandcastle Help File Builder\PresentationStyles\Markdown\media\CFW.gif -&gt; D:\AUG\Computer-Art\Algorithms\C#\docs\Help\Working\Output\Markdown\media\CFW.gif
C:\Program Files (x86)\EWSoftware\Sandcastle Help File Builder\PresentationStyles\Markdown\media\CodeExample.png -&gt; D:\AUG\Computer-Art\Algorithms\C#\docs\Help\Working\Output\Markdown\media\CodeExample.png
C:\Program Files (x86)\EWSoftware\Sandcastle Help File Builder\PresentationStyles\Markdown\media\privclass.gif -&gt; D:\AUG\Computer-Art\Algorithms\C#\docs\Help\Working\Output\Markdown\media\privclass.gif
C:\Program Files (x86)\EWSoftware\Sandcastle Help File Builder\PresentationStyles\Markdown\media\privdelegate.gif -&gt; D:\AUG\Computer-Art\Algorithms\C#\docs\Help\Working\Output\Markdown\media\privdelegate.gif
C:\Program Files (x86)\EWSoftware\Sandcastle Help File Builder\PresentationStyles\Markdown\media\privenumeration.gif -&gt; D:\AUG\Computer-Art\Algorithms\C#\docs\Help\Working\Output\Markdown\media\privenumeration.gif
C:\Program Files (x86)\EWSoftware\Sandcastle Help File Builder\PresentationStyles\Markdown\media\privevent.gif -&gt; D:\AUG\Computer-Art\Algorithms\C#\docs\Help\Working\Output\Markdown\media\privevent.gif
C:\Program Files (x86)\EWSoftware\Sandcastle Help File Builder\PresentationStyles\Markdown\media\privextension.gif -&gt; D:\AUG\Computer-Art\Algorithms\C#\docs\Help\Working\Output\Markdown\media\privextension.gif
C:\Program Files (x86)\EWSoftware\Sandcastle Help File Builder\PresentationStyles\Markdown\media\privfield.gif -&gt; D:\AUG\Computer-Art\Algorithms\C#\docs\Help\Working\Output\Markdown\media\privfield.gif
C:\Program Files (x86)\EWSoftware\Sandcastle Help File Builder\PresentationStyles\Markdown\media\privinterface.gif -&gt; D:\AUG\Computer-Art\Algorithms\C#\docs\Help\Working\Output\Markdown\media\privinterface.gif
C:\Program Files (x86)\EWSoftware\Sandcastle Help File Builder\PresentationStyles\Markdown\media\privmethod.gif -&gt; D:\AUG\Computer-Art\Algorithms\C#\docs\Help\Working\Output\Markdown\media\privmethod.gif
C:\Program Files (x86)\EWSoftware\Sandcastle Help File Builder\PresentationStyles\Markdown\media\privproperty.gif -&gt; D:\AUG\Computer-Art\Algorithms\C#\docs\Help\Working\Output\Markdown\media\privproperty.gif
C:\Program Files (x86)\EWSoftware\Sandcastle Help File Builder\PresentationStyles\Markdown\media\privstructure.gif -&gt; D:\AUG\Computer-Art\Algorithms\C#\docs\Help\Working\Output\Markdown\media\privstructure.gif
C:\Program Files (x86)\EWSoftware\Sandcastle Help File Builder\PresentationStyles\Markdown\media\protclass.gif -&gt; D:\AUG\Computer-Art\Algorithms\C#\docs\Help\Working\Output\Markdown\media\protclass.gif
C:\Program Files (x86)\EWSoftware\Sandcastle Help File Builder\PresentationStyles\Markdown\media\protdelegate.gif -&gt; D:\AUG\Computer-Art\Algorithms\C#\docs\Help\Working\Output\Markdown\media\protdelegate.gif
C:\Program Files (x86)\EWSoftware\Sandcastle Help File Builder\PresentationStyles\Markdown\media\protenumeration.gif -&gt; D:\AUG\Computer-Art\Algorithms\C#\docs\Help\Working\Output\Markdown\media\protenumeration.gif
C:\Program Files (x86)\EWSoftware\Sandcastle Help File Builder\PresentationStyles\Markdown\media\protevent.gif -&gt; D:\AUG\Computer-Art\Algorithms\C#\docs\Help\Working\Output\Markdown\media\protevent.gif
C:\Program Files (x86)\EWSoftware\Sandcastle Help File Builder\PresentationStyles\Markdown\media\protextension.gif -&gt; D:\AUG\Computer-Art\Algorithms\C#\docs\Help\Working\Output\Markdown\media\protextension.gif
C:\Program Files (x86)\EWSoftware\Sandcastle Help File Builder\PresentationStyles\Markdown\media\protfield.gif -&gt; D:\AUG\Computer-Art\Algorithms\C#\docs\Help\Working\Output\Markdown\media\protfield.gif
C:\Program Files (x86)\EWSoftware\Sandcastle Help File Builder\PresentationStyles\Markdown\media\protinterface.gif -&gt; D:\AUG\Computer-Art\Algorithms\C#\docs\Help\Working\Output\Markdown\media\protinterface.gif
C:\Program Files (x86)\EWSoftware\Sandcastle Help File Builder\PresentationStyles\Markdown\media\protmethod.gif -&gt; D:\AUG\Computer-Art\Algorithms\C#\docs\Help\Working\Output\Markdown\media\protmethod.gif
C:\Program Files (x86)\EWSoftware\Sandcastle Help File Builder\PresentationStyles\Markdown\media\protoperator.gif -&gt; D:\AUG\Computer-Art\Algorithms\C#\docs\Help\Working\Output\Markdown\media\protoperator.gif
C:\Program Files (x86)\EWSoftware\Sandcastle Help File Builder\PresentationStyles\Markdown\media\protproperty.gif -&gt; D:\AUG\Computer-Art\Algorithms\C#\docs\Help\Working\Output\Markdown\media\protproperty.gif
C:\Program Files (x86)\EWSoftware\Sandcastle Help File Builder\PresentationStyles\Markdown\media\protstructure.gif -&gt; D:\AUG\Computer-Art\Algorithms\C#\docs\Help\Working\Output\Markdown\media\protstructure.gif
C:\Program Files (x86)\EWSoftware\Sandcastle Help File Builder\PresentationStyles\Markdown\media\pubclass.gif -&gt; D:\AUG\Computer-Art\Algorithms\C#\docs\Help\Working\Output\Markdown\media\pubclass.gif
C:\Program Files (x86)\EWSoftware\Sandcastle Help File Builder\PresentationStyles\Markdown\media\pubdelegate.gif -&gt; D:\AUG\Computer-Art\Algorithms\C#\docs\Help\Working\Output\Markdown\media\pubdelegate.gif
C:\Program Files (x86)\EWSoftware\Sandcastle Help File Builder\PresentationStyles\Markdown\media\pubenumeration.gif -&gt; D:\AUG\Computer-Art\Algorithms\C#\docs\Help\Working\Output\Markdown\media\pubenumeration.gif
C:\Program Files (x86)\EWSoftware\Sandcastle Help File Builder\PresentationStyles\Markdown\media\pubevent.gif -&gt; D:\AUG\Computer-Art\Algorithms\C#\docs\Help\Working\Output\Markdown\media\pubevent.gif
C:\Program Files (x86)\EWSoftware\Sandcastle Help File Builder\PresentationStyles\Markdown\media\pubextension.gif -&gt; D:\AUG\Computer-Art\Algorithms\C#\docs\Help\Working\Output\Markdown\media\pubextension.gif
C:\Program Files (x86)\EWSoftware\Sandcastle Help File Builder\PresentationStyles\Markdown\media\pubfield.gif -&gt; D:\AUG\Computer-Art\Algorithms\C#\docs\Help\Working\Output\Markdown\media\pubfield.gif
C:\Program Files (x86)\EWSoftware\Sandcastle Help File Builder\PresentationStyles\Markdown\media\pubinterface.gif -&gt; D:\AUG\Computer-Art\Algorithms\C#\docs\Help\Working\Output\Markdown\media\pubinterface.gif
C:\Program Files (x86)\EWSoftware\Sandcastle Help File Builder\PresentationStyles\Markdown\media\pubmethod.gif -&gt; D:\AUG\Computer-Art\Algorithms\C#\docs\Help\Working\Output\Markdown\media\pubmethod.gif
C:\Program Files (x86)\EWSoftware\Sandcastle Help File Builder\PresentationStyles\Markdown\media\puboperator.gif -&gt; D:\AUG\Computer-Art\Algorithms\C#\docs\Help\Working\Output\Markdown\media\puboperator.gif
C:\Program Files (x86)\EWSoftware\Sandcastle Help File Builder\PresentationStyles\Markdown\media\pubproperty.gif -&gt; D:\AUG\Computer-Art\Algorithms\C#\docs\Help\Working\Output\Markdown\media\pubproperty.gif
C:\Program Files (x86)\EWSoftware\Sandcastle Help File Builder\PresentationStyles\Markdown\media\pubstructure.gif -&gt; D:\AUG\Computer-Art\Algorithms\C#\docs\Help\Working\Output\Markdown\media\pubstructure.gif
C:\Program Files (x86)\EWSoftware\Sandcastle Help File Builder\PresentationStyles\Markdown\media\slMobile.gif -&gt; D:\AUG\Computer-Art\Algorithms\C#\docs\Help\Working\Output\Markdown\media\slMobile.gif
C:\Program Files (x86)\EWSoftware\Sandcastle Help File Builder\PresentationStyles\Markdown\media\static.gif -&gt; D:\AUG\Computer-Art\Algorithms\C#\docs\Help\Working\Output\Markdown\media\static.gif
C:\Program Files (x86)\EWSoftware\Sandcastle Help File Builder\PresentationStyles\Markdown\media\xna.gif -&gt; D:\AUG\Computer-Art\Algorithms\C#\docs\Help\Working\Output\Markdown\media\xna.gif
C:\Program Files (x86)\EWSoftware\Sandcastle Help File Builder\PresentationStyles\Markdown\MarkdownContent\_Footer.md -&gt; D:\AUG\Computer-Art\Algorithms\C#\docs\Help\Working\Output\Markdown\_Footer.md
    Last step completed in 00:00:00.7508
</buildStep>
<buildStep step="GenerateHelpFormatTableOfContents">
Executing informational Generate Table of Contents build step for plug-ins (not used for Markdown)
    Last step completed in 00:00:00.0000
</buildStep>
<buildStep step="GenerateHelpProject">
Executing informational Generate Help Project build step for plug-ins (not used for Markdown)
    Last step completed in 00:00:00.0000
</buildStep>
<buildStep step="CompilingHelpFile">
Generating markdown content...
[C:\Program Files (x86)\Microsoft Visual Studio\2017\Community\MSBuild\15.0\Bin\MSBuild.exe - GenerateMarkdownContent.proj]
  Finished generating 278 topics
  Copying content to output folder...
  Finished copying 322 files
    Last step completed in 00:00:04.9394
</buildStep>
<buildStep step="CleanIntermediates">
Removing intermediate files...
    Last step completed in 00:00:00.0468
</buildStep>
<buildStep step="Completed">

Build completed successfully at 12/27/2018 9:45:49 AM.  Total time: 00:00:14.2722

</buildStep>
</shfbBuild>
