c:\users\jonathan moore\singularity\projects\visual styles\vstyles\app\debug\vc140.pdb
c:\users\jonathan moore\singularity\projects\visual styles\vstyles\app\debug\vc140.idb
c:\users\jonathan moore\singularity\projects\visual styles\vstyles\app\debug\main.obj
c:\users\jonathan moore\singularity\projects\visual styles\vstyles\debug\app.ilk
c:\users\jonathan moore\singularity\projects\visual styles\vstyles\debug\app.exe
c:\users\jonathan moore\singularity\projects\visual styles\vstyles\app\debug\app.exe.intermediate.manifest
c:\users\jonathan moore\singularity\projects\visual styles\vstyles\debug\app.pdb
c:\users\jonathan moore\singularity\projects\visual styles\vstyles\debug\app.exe.manifest
c:\users\jonathan moore\singularity\projects\visual styles\vstyles\app\debug\resource.res
c:\users\jonathan moore\singularity\projects\visual styles\vstyles\app\debug\app.tlog\cl.command.1.tlog
c:\users\jonathan moore\singularity\projects\visual styles\vstyles\app\debug\app.tlog\cl.read.1.tlog
c:\users\jonathan moore\singularity\projects\visual styles\vstyles\app\debug\app.tlog\cl.write.1.tlog
c:\users\jonathan moore\singularity\projects\visual styles\vstyles\app\debug\app.tlog\link.command.1.tlog
c:\users\jonathan moore\singularity\projects\visual styles\vstyles\app\debug\app.tlog\link.read.1.tlog
c:\users\jonathan moore\singularity\projects\visual styles\vstyles\app\debug\app.tlog\link.write.1.tlog
c:\users\jonathan moore\singularity\projects\visual styles\vstyles\app\debug\app.tlog\mt.command.1.tlog
c:\users\jonathan moore\singularity\projects\visual styles\vstyles\app\debug\app.tlog\mt.read.1.tlog
c:\users\jonathan moore\singularity\projects\visual styles\vstyles\app\debug\app.tlog\mt.write.1.tlog
c:\users\jonathan moore\singularity\projects\visual styles\vstyles\app\debug\app.tlog\rc.command.1.tlog
c:\users\jonathan moore\singularity\projects\visual styles\vstyles\app\debug\app.tlog\rc.read.1.tlog
c:\users\jonathan moore\singularity\projects\visual styles\vstyles\app\debug\app.tlog\rc.write.1.tlog
