d:\prj\articles\03-visual-styles\vstyles\app\debug\main.obj
d:\prj\articles\03-visual-styles\vstyles\app\debug\vc100.pdb
d:\prj\articles\03-visual-styles\vstyles\debug\app2.ilk
d:\prj\articles\03-visual-styles\vstyles\debug\app2.exe
d:\prj\articles\03-visual-styles\vstyles\app\debug\app2.exe.intermediate.manifest
d:\prj\articles\03-visual-styles\vstyles\debug\app2.pdb
d:\prj\articles\03-visual-styles\vstyles\debug\app.ilk
d:\prj\articles\03-visual-styles\vstyles\debug\app.exe
d:\prj\articles\03-visual-styles\vstyles\app\debug\app.exe.intermediate.manifest
d:\prj\articles\03-visual-styles\vstyles\debug\app.pdb
d:\prj\articles\03-visual-styles\vstyles\debug\app.exe.manifest
d:\prj\articles\03-visual-styles\vstyles\app\debug\resource.res
c:\users\jonathan moore\singularity\projects\visual styles\vstyles\app\debug\vc140.pdb
c:\users\jonathan moore\singularity\projects\visual styles\vstyles\app\debug\vc140.idb
c:\users\jonathan moore\singularity\projects\visual styles\vstyles\app\debug\main.obj
c:\users\jonathan moore\singularity\projects\visual styles\vstyles\debug\app2.ilk
c:\users\jonathan moore\singularity\projects\visual styles\vstyles\debug\app2.exe
c:\users\jonathan moore\singularity\projects\visual styles\vstyles\debug\app2.pdb
c:\users\jonathan moore\singularity\projects\visual styles\vstyles\app\debug\app2.vcxprojresolveassemblyreference.cache
c:\users\jonathan moore\singularity\projects\visual styles\vstyles\app\debug\app.write.1.tlog
c:\users\jonathan moore\singularity\projects\visual styles\vstyles\app\debug\app2.write.1.tlog
c:\users\jonathan moore\singularity\projects\visual styles\vstyles\app\debug\cl.command.1.tlog
c:\users\jonathan moore\singularity\projects\visual styles\vstyles\app\debug\cl.read.1.tlog
c:\users\jonathan moore\singularity\projects\visual styles\vstyles\app\debug\cl.write.1.tlog
c:\users\jonathan moore\singularity\projects\visual styles\vstyles\app\debug\link-cvtres.read.1.tlog
c:\users\jonathan moore\singularity\projects\visual styles\vstyles\app\debug\link-cvtres.write.1.tlog
c:\users\jonathan moore\singularity\projects\visual styles\vstyles\app\debug\link.2116-cvtres.read.1.tlog
c:\users\jonathan moore\singularity\projects\visual styles\vstyles\app\debug\link.2116-cvtres.write.1.tlog
c:\users\jonathan moore\singularity\projects\visual styles\vstyles\app\debug\link.2116.read.1.tlog
c:\users\jonathan moore\singularity\projects\visual styles\vstyles\app\debug\link.2116.write.1.tlog
c:\users\jonathan moore\singularity\projects\visual styles\vstyles\app\debug\link.3004-cvtres.read.1.tlog
c:\users\jonathan moore\singularity\projects\visual styles\vstyles\app\debug\link.3004-cvtres.write.1.tlog
c:\users\jonathan moore\singularity\projects\visual styles\vstyles\app\debug\link.3004.read.1.tlog
c:\users\jonathan moore\singularity\projects\visual styles\vstyles\app\debug\link.3004.write.1.tlog
c:\users\jonathan moore\singularity\projects\visual styles\vstyles\app\debug\link.3728-cvtres.read.1.tlog
c:\users\jonathan moore\singularity\projects\visual styles\vstyles\app\debug\link.3728-cvtres.write.1.tlog
c:\users\jonathan moore\singularity\projects\visual styles\vstyles\app\debug\link.3728.read.1.tlog
c:\users\jonathan moore\singularity\projects\visual styles\vstyles\app\debug\link.3728.write.1.tlog
c:\users\jonathan moore\singularity\projects\visual styles\vstyles\app\debug\link.3880-cvtres.read.1.tlog
c:\users\jonathan moore\singularity\projects\visual styles\vstyles\app\debug\link.3880-cvtres.write.1.tlog
c:\users\jonathan moore\singularity\projects\visual styles\vstyles\app\debug\link.3880.read.1.tlog
c:\users\jonathan moore\singularity\projects\visual styles\vstyles\app\debug\link.3880.write.1.tlog
c:\users\jonathan moore\singularity\projects\visual styles\vstyles\app\debug\link.command.1.tlog
c:\users\jonathan moore\singularity\projects\visual styles\vstyles\app\debug\link.read.1.tlog
c:\users\jonathan moore\singularity\projects\visual styles\vstyles\app\debug\link.write.1.tlog
c:\users\jonathan moore\singularity\projects\visual styles\vstyles\app\debug\mt.command.1.tlog
c:\users\jonathan moore\singularity\projects\visual styles\vstyles\app\debug\mt.read.1.tlog
c:\users\jonathan moore\singularity\projects\visual styles\vstyles\app\debug\mt.write.1.tlog
c:\users\jonathan moore\singularity\projects\visual styles\vstyles\app\debug\rc.command.1.tlog
c:\users\jonathan moore\singularity\projects\visual styles\vstyles\app\debug\rc.read.1.tlog
c:\users\jonathan moore\singularity\projects\visual styles\vstyles\app\debug\rc.write.1.tlog
c:\users\jonathan moore\singularity\projects\visual styles\vstyles\app\debug\app.exe.intermediate.manifest
c:\users\jonathan moore\singularity\projects\visual styles\vstyles\app\debug\app2.exe.intermediate.manifest
c:\users\jonathan moore\singularity\projects\visual styles\vstyles\app\debug\resource.res
c:\users\jonathan moore\singularity\projects\visual styles\vstyles\app\debug\vc100.idb
c:\users\jonathan moore\singularity\projects\visual styles\vstyles\app\debug\vc100.pdb
c:\users\jonathan moore\singularity\projects\visual styles\vstyles\app\debug\app2.tlog\cl.command.1.tlog
c:\users\jonathan moore\singularity\projects\visual styles\vstyles\app\debug\app2.tlog\cl.read.1.tlog
c:\users\jonathan moore\singularity\projects\visual styles\vstyles\app\debug\app2.tlog\cl.write.1.tlog
c:\users\jonathan moore\singularity\projects\visual styles\vstyles\app\debug\app2.tlog\link.command.1.tlog
c:\users\jonathan moore\singularity\projects\visual styles\vstyles\app\debug\app2.tlog\link.read.1.tlog
c:\users\jonathan moore\singularity\projects\visual styles\vstyles\app\debug\app2.tlog\link.write.1.tlog
