This file contains any messages produced by compilers while
running configure, to aid debugging if configure makes a mistake.

It was created by C Algorithms configure 1.2.0, which was
generated by GNU Autoconf 2.69.  Invocation command line was

  $ ./configure 

## --------- ##
## Platform. ##
## --------- ##

hostname = MARS
uname -m = x86_64
uname -r = 2.5.2(0.297/5/3)
uname -s = CYGWIN_NT-6.3
uname -v = 2016-06-23 14:29

/usr/bin/uname -p = unknown
/bin/uname -X     = unknown

/bin/arch              = x86_64
/usr/bin/arch -k       = unknown
/usr/convex/getsysinfo = unknown
/usr/bin/hostinfo      = unknown
/bin/machine           = unknown
/usr/bin/oslevel       = unknown
/bin/universe          = unknown

PATH: /usr/local/bin
PATH: /usr/bin
PATH: /cygdrive/c/Program Files/NVIDIA GPU Computing Toolkit/CUDA/v7.5/bin
PATH: /cygdrive/c/Program Files/NVIDIA GPU Computing Toolkit/CUDA/v7.5/libnvvp
PATH: /cygdrive/c/ProgramData/Oracle/Java/javapath
PATH: /cygdrive/c/Program Files (x86)/Csound/bin
PATH: /cygdrive/c/Program Files (x86)/Brackets/command
PATH: /cygdrive/c/Program Files (x86)/Paradigma Software/vcomponents_win_vc
PATH: /cygdrive/c/Program Files/Common Files/Autodesk Shared
PATH: /cygdrive/c/Program Files/Git/cmd
PATH: /cygdrive/c/Program Files (x86)/Lua/5.1
PATH: /cygdrive/c/Program Files (x86)/Lua/5.1/clibs
PATH: /cygdrive/c/Program Files (x86)/ChucK/bin
PATH: /cygdrive/c/Program Files (x86)/Microsoft SQL Server/110/DTS/Binn
PATH: /cygdrive/c/Program Files (x86)/Microsoft SQL Server/120/DTS/Binn
PATH: /cygdrive/c/Program Files (x86)/Microsoft SQL Server/130/DTS/Binn
PATH: /cygdrive/c/Program Files/dotnet
PATH: /cygdrive/c/Program Files/Microsoft DNX/Dnvm
PATH: /cygdrive/c/Program Files (x86)/Moscow ML/bin
PATH: /cygdrive/c/Program Files/Microsoft/Web Platform Installer
PATH: /cygdrive/c/Program Files (x86)/Microsoft ASP.NET/ASP.NET Web Pages/v1.0
PATH: /cygdrive/c/Program Files/Microsoft SQL Server/110/Tools/Binn
PATH: /cygdrive/c/Program Files (x86)/NVIDIA Corporation/PhysX/Common
PATH: /cygdrive/c/Program Files/nodejs
PATH: /cygdrive/c/Program Files (x86)/scala/bin
PATH: /cygdrive/c/Program Files (x86)/Microsoft Emulator Manager/1.0
PATH: /cygdrive/c/Program Files (x86)/Windows Kits/10/Windows Performance Toolkit
PATH: /cygdrive/c/Users/Jonathan_Moore/Anaconda
PATH: /cygdrive/c/Users/Jonathan_Moore/Anaconda/Scripts
PATH: /cygdrive/c/Users/Jonathan_Moore/Anaconda/Library/bin
PATH: /cygdrive/c/MinGW
PATH: /cygdrive/c/Users/Jonathan_Moore/Documents/Workspace/UNIX/msys/1.0/bin
PATH: /cygdrive/c/Program Files/Docker Toolbox
PATH: /cygdrive/c/Program Files/Java/jdk1.7.0_45/bin
PATH: /cygdrive/c/Program Files/Java/apache-maven-3.3.9/bin
PATH: /cygdrive/c/ProgramData/chocolatey/bin
PATH: /cygdrive/c/texlive/2016/bin/win32
PATH: /cygdrive/c/Users/Jonathan_Moore/Documents/Applications/build/gradle-2.14/bin
PATH: /cygdrive/c/Program Files (x86)/nodejs
PATH: /cygdrive/c/Windows/Microsoft.NET/Framework/v4.0.30319
PATH: /cygdrive/c/Windows/System32
PATH: /cygdrive/c/Windows/System32/WindowsPowerShell/v1.0
PATH: /cygdrive/c/Program Files/TortoiseSVN/bin
PATH: /cygdrive/c/Program Files/Apache Software Foundation/apache-ant-1.9.7/bin
PATH: /cygdrive/c/Users/Jonathan_Moore/AppData/Roaming/npm
PATH: /cygdrive/c/phantomjs-2.1.8/bin
PATH: /cygdrive/c/Program Files (x86)/Go/bin
PATH: /usr/lib/lapack


## ----------- ##
## Core tests. ##
## ----------- ##

configure:2312: checking for a BSD-compatible install
configure:2380: result: /usr/bin/install -c
configure:2391: checking whether build environment is sane
configure:2446: result: yes
configure:2597: checking for a thread-safe mkdir -p
configure:2636: result: /usr/bin/mkdir -p
configure:2643: checking for gawk
configure:2659: found /usr/bin/gawk
configure:2670: result: gawk
configure:2681: checking whether make sets $(MAKE)
configure:2703: result: yes
configure:2732: checking whether make supports nested variables
configure:2749: result: yes
configure:2915: checking for gcc
configure:2931: found /usr/bin/gcc
configure:2942: result: gcc
configure:3171: checking for C compiler version
configure:3180: gcc --version >&5
gcc (GCC) 5.4.0
Copyright (C) 2015 Free Software Foundation, Inc.
This is free software; see the source for copying conditions.  There is NO
warranty; not even for MERCHANTABILITY or FITNESS FOR A PARTICULAR PURPOSE.

configure:3191: $? = 0
configure:3180: gcc -v >&5
Using built-in specs.
COLLECT_GCC=gcc
COLLECT_LTO_WRAPPER=/usr/lib/gcc/x86_64-pc-cygwin/5.4.0/lto-wrapper.exe
Target: x86_64-pc-cygwin
Configured with: /cygdrive/i/szsz/tmpp/gcc/gcc-5.4.0-1.x86_64/src/gcc-5.4.0/configure --srcdir=/cygdrive/i/szsz/tmpp/gcc/gcc-5.4.0-1.x86_64/src/gcc-5.4.0 --prefix=/usr --exec-prefix=/usr --localstatedir=/var --sysconfdir=/etc --docdir=/usr/share/doc/gcc --htmldir=/usr/share/doc/gcc/html -C --build=x86_64-pc-cygwin --host=x86_64-pc-cygwin --target=x86_64-pc-cygwin --without-libiconv-prefix --without-libintl-prefix --libexecdir=/usr/lib --enable-shared --enable-shared-libgcc --enable-static --enable-version-specific-runtime-libs --enable-bootstrap --enable-__cxa_atexit --with-dwarf2 --with-tune=generic --enable-languages=ada,c,c++,fortran,lto,objc,obj-c++ --enable-graphite --enable-threads=posix --enable-libatomic --enable-libcilkrts --enable-libgomp --enable-libitm --enable-libquadmath --enable-libquadmath-support --enable-libssp --enable-libada --enable-libgcj-sublibs --disable-java-awt --disable-symvers --with-ecj-jar=/usr/share/java/ecj.jar --with-gnu-ld --with-gnu-as --with-cloog-include=/usr/include/cloog-isl --without-libiconv-prefix --without-libintl-prefix --with-system-zlib --enable-linker-build-id --with-default-libstdcxx-abi=gcc4-compatible
Thread model: posix
gcc version 5.4.0 (GCC) 
configure:3191: $? = 0
configure:3180: gcc -V >&5
gcc: error: unrecognized command line option '-V'
gcc: fatal error: no input files
compilation terminated.
configure:3191: $? = 1
configure:3180: gcc -qversion >&5
gcc: error: unrecognized command line option '-qversion'
gcc: fatal error: no input files
compilation terminated.
configure:3191: $? = 1
configure:3211: checking whether the C compiler works
configure:3233: gcc    conftest.c  >&5
configure:3237: $? = 0
configure:3285: result: yes
configure:3288: checking for C compiler default output file name
configure:3290: result: a.exe
configure:3296: checking for suffix of executables
configure:3303: gcc -o conftest.exe    conftest.c  >&5
configure:3307: $? = 0
configure:3329: result: .exe
configure:3351: checking whether we are cross compiling
configure:3359: gcc -o conftest.exe    conftest.c  >&5
configure:3363: $? = 0
configure:3370: ./conftest.exe
configure:3374: $? = 0
configure:3389: result: no
configure:3394: checking for suffix of object files
configure:3416: gcc -c   conftest.c >&5
configure:3420: $? = 0
configure:3441: result: o
configure:3445: checking whether we are using the GNU C compiler
configure:3464: gcc -c   conftest.c >&5
configure:3464: $? = 0
configure:3473: result: yes
configure:3482: checking whether gcc accepts -g
configure:3502: gcc -c -g  conftest.c >&5
configure:3502: $? = 0
configure:3543: result: yes
configure:3560: checking for gcc option to accept ISO C89
configure:3623: gcc  -c -g -O2  conftest.c >&5
configure:3623: $? = 0
configure:3636: result: none needed
configure:3661: checking whether gcc understands -c and -o together
configure:3683: gcc -c conftest.c -o conftest2.o
configure:3686: $? = 0
configure:3683: gcc -c conftest.c -o conftest2.o
configure:3686: $? = 0
configure:3698: result: yes
configure:3726: checking for style of include used by make
configure:3754: result: GNU
configure:3780: checking dependency style of gcc
configure:3891: result: gcc3
configure:3964: checking for g++
configure:3980: found /usr/bin/g++
configure:3991: result: g++
configure:4018: checking for C++ compiler version
configure:4027: g++ --version >&5
g++ (GCC) 5.4.0
Copyright (C) 2015 Free Software Foundation, Inc.
This is free software; see the source for copying conditions.  There is NO
warranty; not even for MERCHANTABILITY or FITNESS FOR A PARTICULAR PURPOSE.

configure:4038: $? = 0
configure:4027: g++ -v >&5
Using built-in specs.
COLLECT_GCC=g++
COLLECT_LTO_WRAPPER=/usr/lib/gcc/x86_64-pc-cygwin/5.4.0/lto-wrapper.exe
Target: x86_64-pc-cygwin
Configured with: /cygdrive/i/szsz/tmpp/gcc/gcc-5.4.0-1.x86_64/src/gcc-5.4.0/configure --srcdir=/cygdrive/i/szsz/tmpp/gcc/gcc-5.4.0-1.x86_64/src/gcc-5.4.0 --prefix=/usr --exec-prefix=/usr --localstatedir=/var --sysconfdir=/etc --docdir=/usr/share/doc/gcc --htmldir=/usr/share/doc/gcc/html -C --build=x86_64-pc-cygwin --host=x86_64-pc-cygwin --target=x86_64-pc-cygwin --without-libiconv-prefix --without-libintl-prefix --libexecdir=/usr/lib --enable-shared --enable-shared-libgcc --enable-static --enable-version-specific-runtime-libs --enable-bootstrap --enable-__cxa_atexit --with-dwarf2 --with-tune=generic --enable-languages=ada,c,c++,fortran,lto,objc,obj-c++ --enable-graphite --enable-threads=posix --enable-libatomic --enable-libcilkrts --enable-libgomp --enable-libitm --enable-libquadmath --enable-libquadmath-support --enable-libssp --enable-libada --enable-libgcj-sublibs --disable-java-awt --disable-symvers --with-ecj-jar=/usr/share/java/ecj.jar --with-gnu-ld --with-gnu-as --with-cloog-include=/usr/include/cloog-isl --without-libiconv-prefix --without-libintl-prefix --with-system-zlib --enable-linker-build-id --with-default-libstdcxx-abi=gcc4-compatible
Thread model: posix
gcc version 5.4.0 (GCC) 
configure:4038: $? = 0
configure:4027: g++ -V >&5
g++: error: unrecognized command line option '-V'
g++: fatal error: no input files
compilation terminated.
configure:4038: $? = 1
configure:4027: g++ -qversion >&5
g++: error: unrecognized command line option '-qversion'
g++: fatal error: no input files
compilation terminated.
configure:4038: $? = 1
configure:4042: checking whether we are using the GNU C++ compiler
configure:4061: g++ -c   conftest.cpp >&5
configure:4061: $? = 0
configure:4070: result: yes
configure:4079: checking whether g++ accepts -g
configure:4099: g++ -c -g  conftest.cpp >&5
configure:4099: $? = 0
configure:4140: result: yes
configure:4165: checking dependency style of g++
configure:4276: result: gcc3
configure:4320: checking build system type
configure:4334: result: x86_64-unknown-cygwin
configure:4354: checking host system type
configure:4367: result: x86_64-unknown-cygwin
configure:4408: checking how to print strings
configure:4435: result: printf
configure:4456: checking for a sed that does not truncate output
configure:4520: result: /usr/bin/sed
configure:4538: checking for grep that handles long lines and -e
configure:4596: result: /usr/bin/grep
configure:4601: checking for egrep
configure:4663: result: /usr/bin/grep -E
configure:4668: checking for fgrep
configure:4730: result: /usr/bin/grep -F
configure:4765: checking for ld used by gcc
configure:4832: result: /usr/x86_64-pc-cygwin/bin/ld.exe
configure:4839: checking if the linker (/usr/x86_64-pc-cygwin/bin/ld.exe) is GNU ld
configure:4854: result: yes
configure:4866: checking for BSD- or MS-compatible name lister (nm)
configure:4920: result: /usr/bin/nm -B
configure:5050: checking the name lister (/usr/bin/nm -B) interface
configure:5057: gcc -c -g -O2  conftest.c >&5
configure:5060: /usr/bin/nm -B "conftest.o"
configure:5063: output
0000000000000000 b .bss
0000000000000000 d .data
0000000000000000 N .debug_abbrev
0000000000000000 N .debug_aranges
0000000000000000 N .debug_info
0000000000000000 N .debug_line
0000000000000000 r .rdata$zzz
0000000000000000 t .text
0000000000000000 B some_variable
configure:5070: result: BSD nm
configure:5073: checking whether ln -s works
configure:5077: result: yes
configure:5085: checking the maximum length of command line arguments
configure:5216: result: 8192
configure:5264: checking how to convert x86_64-unknown-cygwin file names to x86_64-unknown-cygwin format
configure:5304: result: func_convert_file_noop
configure:5311: checking how to convert x86_64-unknown-cygwin file names to toolchain format
configure:5331: result: func_convert_file_noop
configure:5338: checking for /usr/x86_64-pc-cygwin/bin/ld.exe option to reload object files
configure:5345: result: -r
configure:5419: checking for objdump
configure:5435: found /usr/bin/objdump
configure:5446: result: objdump
configure:5478: checking how to recognize dependent libraries
configure:5678: result: file_magic ^x86 archive import|^x86 DLL
configure:5763: checking for dlltool
configure:5779: found /usr/bin/dlltool
configure:5790: result: dlltool
configure:5823: checking how to associate runtime and link libraries
configure:5850: result: func_cygming_dll_for_implib
configure:5911: checking for ar
configure:5927: found /usr/bin/ar
configure:5938: result: ar
configure:5975: checking for archiver @FILE support
configure:5992: gcc -c -g -O2  conftest.c >&5
configure:5992: $? = 0
configure:5995: ar cru libconftest.a @conftest.lst >&5
configure:5998: $? = 0
configure:6003: ar cru libconftest.a @conftest.lst >&5
ar: conftest.o: No such file or directory
configure:6006: $? = 1
configure:6018: result: @
configure:6076: checking for strip
configure:6092: found /usr/bin/strip
configure:6103: result: strip
configure:6175: checking for ranlib
configure:6191: found /usr/bin/ranlib
configure:6202: result: ranlib
configure:6304: checking command to parse /usr/bin/nm -B output from gcc object
configure:6457: gcc -c -g -O2  conftest.c >&5
configure:6460: $? = 0
configure:6464: /usr/bin/nm -B conftest.o \| sed -n -e 's/^.*[ ]\([ABCDGIRSTW][ABCDGIRSTW]*\)[ ][ ]*\([_A-Za-z][_A-Za-z0-9]*\)$/\1 \2 \2/p' | sed '/ __gnu_lto/d' \> conftest.nm
configure:6467: $? = 0
configure:6533: gcc -o conftest.exe -g -O2   conftest.c conftstm.o >&5
configure:6536: $? = 0
configure:6574: result: ok
configure:6621: checking for sysroot
configure:6651: result: no
configure:6658: checking for a working dd
configure:6696: result: /usr/bin/dd
configure:6700: checking how to truncate binary pipes
configure:6715: result: /usr/bin/dd bs=4096 count=1
configure:7044: checking for mt
configure:7074: result: no
configure:7094: checking if : is a manifest tool
configure:7100: : '-?'
configure:7108: result: no
configure:7785: checking how to run the C preprocessor
configure:7816: gcc -E  conftest.c
configure:7816: $? = 0
configure:7830: gcc -E  conftest.c
conftest.c:9:28: fatal error: ac_nonexistent.h: No such file or directory
compilation terminated.
configure:7830: $? = 1
configure: failed program was:
| /* confdefs.h */
| #define PACKAGE_NAME "C Algorithms"
| #define PACKAGE_TARNAME "c-algorithms"
| #define PACKAGE_VERSION "1.2.0"
| #define PACKAGE_STRING "C Algorithms 1.2.0"
| #define PACKAGE_BUGREPORT "fraggle@users.sourceforge.net"
| #define PACKAGE_URL ""
| /* end confdefs.h.  */
| #include <ac_nonexistent.h>
configure:7855: result: gcc -E
configure:7875: gcc -E  conftest.c
configure:7875: $? = 0
configure:7889: gcc -E  conftest.c
conftest.c:9:28: fatal error: ac_nonexistent.h: No such file or directory
compilation terminated.
configure:7889: $? = 1
configure: failed program was:
| /* confdefs.h */
| #define PACKAGE_NAME "C Algorithms"
| #define PACKAGE_TARNAME "c-algorithms"
| #define PACKAGE_VERSION "1.2.0"
| #define PACKAGE_STRING "C Algorithms 1.2.0"
| #define PACKAGE_BUGREPORT "fraggle@users.sourceforge.net"
| #define PACKAGE_URL ""
| /* end confdefs.h.  */
| #include <ac_nonexistent.h>
configure:7918: checking for ANSI C header files
configure:7938: gcc -c -g -O2  conftest.c >&5
configure:7938: $? = 0
configure:8011: gcc -o conftest.exe -g -O2   conftest.c  >&5
configure:8011: $? = 0
configure:8011: ./conftest.exe
configure:8011: $? = 0
configure:8022: result: yes
configure:8035: checking for sys/types.h
configure:8035: gcc -c -g -O2  conftest.c >&5
configure:8035: $? = 0
configure:8035: result: yes
configure:8035: checking for sys/stat.h
configure:8035: gcc -c -g -O2  conftest.c >&5
configure:8035: $? = 0
configure:8035: result: yes
configure:8035: checking for stdlib.h
configure:8035: gcc -c -g -O2  conftest.c >&5
configure:8035: $? = 0
configure:8035: result: yes
configure:8035: checking for string.h
configure:8035: gcc -c -g -O2  conftest.c >&5
configure:8035: $? = 0
configure:8035: result: yes
configure:8035: checking for memory.h
configure:8035: gcc -c -g -O2  conftest.c >&5
configure:8035: $? = 0
configure:8035: result: yes
configure:8035: checking for strings.h
configure:8035: gcc -c -g -O2  conftest.c >&5
configure:8035: $? = 0
configure:8035: result: yes
configure:8035: checking for inttypes.h
configure:8035: gcc -c -g -O2  conftest.c >&5
configure:8035: $? = 0
configure:8035: result: yes
configure:8035: checking for stdint.h
configure:8035: gcc -c -g -O2  conftest.c >&5
configure:8035: $? = 0
configure:8035: result: yes
configure:8035: checking for unistd.h
configure:8035: gcc -c -g -O2  conftest.c >&5
configure:8035: $? = 0
configure:8035: result: yes
configure:8049: checking for dlfcn.h
configure:8049: gcc -c -g -O2  conftest.c >&5
configure:8049: $? = 0
configure:8049: result: yes
configure:8316: checking for objdir
configure:8331: result: .libs
configure:8591: checking if gcc supports -fno-rtti -fno-exceptions
configure:8609: gcc -c -g -O2  -fno-rtti -fno-exceptions conftest.c >&5
cc1: warning: command line option '-fno-rtti' is valid for C++/ObjC++ but not for C
configure:8613: $? = 0
configure:8626: result: no
configure:8984: checking for gcc option to produce PIC
configure:8991: result: -DDLL_EXPORT -DPIC
configure:8999: checking if gcc PIC flag -DDLL_EXPORT -DPIC works
configure:9017: gcc -c -g -O2  -DDLL_EXPORT -DPIC -DPIC conftest.c >&5
configure:9021: $? = 0
configure:9034: result: yes
configure:9063: checking if gcc static flag -static works
configure:9091: result: yes
configure:9106: checking if gcc supports -c -o file.o
configure:9127: gcc -c -g -O2  -o out/conftest2.o conftest.c >&5
configure:9131: $? = 0
configure:9153: result: yes
configure:9161: checking if gcc supports -c -o file.o
configure:9208: result: yes
configure:9241: checking whether the gcc linker (/usr/x86_64-pc-cygwin/bin/ld.exe) supports shared libraries
configure:10500: result: yes
configure:10537: checking whether -lc should be explicitly linked in
configure:10545: gcc -c -g -O2  conftest.c >&5
configure:10548: $? = 0
configure:10563: gcc -shared conftest.o  -v -o ./conftest -Wl,--enable-auto-image-base -Xlinker --out-implib -Xlinker conftest 2\>\&1 \| /usr/bin/grep  -lc  \>/dev/null 2\>\&1
configure:10566: $? = 1
configure:10580: result: yes
configure:10740: checking dynamic linker characteristics
configure:11558: result: Win32 ld.exe
configure:11680: checking how to hardcode library paths into programs
configure:11705: result: immediate
configure:12253: checking whether stripping libraries is possible
configure:12258: result: yes
configure:12293: checking if libtool supports shared libraries
configure:12295: result: yes
configure:12298: checking whether to build shared libraries
configure:12323: result: yes
configure:12326: checking whether to build static libraries
configure:12330: result: yes
configure:12353: checking how to run the C++ preprocessor
configure:12380: g++ -E  conftest.cpp
configure:12380: $? = 0
configure:12394: g++ -E  conftest.cpp
conftest.cpp:21:28: fatal error: ac_nonexistent.h: No such file or directory
compilation terminated.
configure:12394: $? = 1
configure: failed program was:
| /* confdefs.h */
| #define PACKAGE_NAME "C Algorithms"
| #define PACKAGE_TARNAME "c-algorithms"
| #define PACKAGE_VERSION "1.2.0"
| #define PACKAGE_STRING "C Algorithms 1.2.0"
| #define PACKAGE_BUGREPORT "fraggle@users.sourceforge.net"
| #define PACKAGE_URL ""
| #define STDC_HEADERS 1
| #define HAVE_SYS_TYPES_H 1
| #define HAVE_SYS_STAT_H 1
| #define HAVE_STDLIB_H 1
| #define HAVE_STRING_H 1
| #define HAVE_MEMORY_H 1
| #define HAVE_STRINGS_H 1
| #define HAVE_INTTYPES_H 1
| #define HAVE_STDINT_H 1
| #define HAVE_UNISTD_H 1
| #define HAVE_DLFCN_H 1
| #define LT_OBJDIR ".libs/"
| /* end confdefs.h.  */
| #include <ac_nonexistent.h>
configure:12419: result: g++ -E
configure:12439: g++ -E  conftest.cpp
configure:12439: $? = 0
configure:12453: g++ -E  conftest.cpp
conftest.cpp:21:28: fatal error: ac_nonexistent.h: No such file or directory
compilation terminated.
configure:12453: $? = 1
configure: failed program was:
| /* confdefs.h */
| #define PACKAGE_NAME "C Algorithms"
| #define PACKAGE_TARNAME "c-algorithms"
| #define PACKAGE_VERSION "1.2.0"
| #define PACKAGE_STRING "C Algorithms 1.2.0"
| #define PACKAGE_BUGREPORT "fraggle@users.sourceforge.net"
| #define PACKAGE_URL ""
| #define STDC_HEADERS 1
| #define HAVE_SYS_TYPES_H 1
| #define HAVE_SYS_STAT_H 1
| #define HAVE_STDLIB_H 1
| #define HAVE_STRING_H 1
| #define HAVE_MEMORY_H 1
| #define HAVE_STRINGS_H 1
| #define HAVE_INTTYPES_H 1
| #define HAVE_STDINT_H 1
| #define HAVE_UNISTD_H 1
| #define HAVE_DLFCN_H 1
| #define LT_OBJDIR ".libs/"
| /* end confdefs.h.  */
| #include <ac_nonexistent.h>
configure:12615: checking for ld used by g++
configure:12682: result: /usr/x86_64-pc-cygwin/bin/ld.exe
configure:12689: checking if the linker (/usr/x86_64-pc-cygwin/bin/ld.exe) is GNU ld
configure:12704: result: yes
configure:12759: checking whether the g++ linker (/usr/x86_64-pc-cygwin/bin/ld.exe) supports shared libraries
configure:13832: result: yes
configure:13868: g++ -c -g -O2  conftest.cpp >&5
configure:13871: $? = 0
configure:14352: checking for g++ option to produce PIC
configure:14359: result: -DDLL_EXPORT -DPIC
configure:14367: checking if g++ PIC flag -DDLL_EXPORT -DPIC works
configure:14385: g++ -c -g -O2  -DDLL_EXPORT -DPIC -DPIC conftest.cpp >&5
configure:14389: $? = 0
configure:14402: result: yes
configure:14425: checking if g++ static flag -static works
configure:14453: result: yes
configure:14465: checking if g++ supports -c -o file.o
configure:14486: g++ -c -g -O2  -o out/conftest2.o conftest.cpp >&5
configure:14490: $? = 0
configure:14512: result: yes
configure:14517: checking if g++ supports -c -o file.o
configure:14564: result: yes
configure:14594: checking whether the g++ linker (/usr/x86_64-pc-cygwin/bin/ld.exe) supports shared libraries
configure:14634: result: yes
configure:14775: checking dynamic linker characteristics
configure:15520: result: Win32 ld.exe
configure:15585: checking how to hardcode library paths into programs
configure:15610: result: immediate
configure:15672: checking whether make sets $(MAKE)
configure:15694: result: yes
configure:15922: checking that generated files are newer than configure
configure:15928: result: done
configure:15959: creating ./config.status

## ---------------------- ##
## Running config.status. ##
## ---------------------- ##

This file was extended by C Algorithms config.status 1.2.0, which was
generated by GNU Autoconf 2.69.  Invocation command line was

  CONFIG_FILES    = 
  CONFIG_HEADERS  = 
  CONFIG_LINKS    = 
  CONFIG_COMMANDS = 
  $ ./config.status 

on MARS

config.status:1173: creating Makefile
config.status:1173: creating libcalg-1.0.pc
config.status:1173: creating doc/Makefile
config.status:1173: creating src/Makefile
config.status:1173: creating test/Makefile
config.status:1173: creating config.h
config.status:1402: executing depfiles commands
config.status:1402: executing libtool commands

## ---------------- ##
## Cache variables. ##
## ---------------- ##

ac_cv_build=x86_64-unknown-cygwin
ac_cv_c_compiler_gnu=yes
ac_cv_cxx_compiler_gnu=yes
ac_cv_env_CCC_set=
ac_cv_env_CCC_value=
ac_cv_env_CC_set=
ac_cv_env_CC_value=
ac_cv_env_CFLAGS_set=
ac_cv_env_CFLAGS_value=
ac_cv_env_CPPFLAGS_set=
ac_cv_env_CPPFLAGS_value=
ac_cv_env_CPP_set=
ac_cv_env_CPP_value=
ac_cv_env_CXXCPP_set=
ac_cv_env_CXXCPP_value=
ac_cv_env_CXXFLAGS_set=
ac_cv_env_CXXFLAGS_value=
ac_cv_env_CXX_set=
ac_cv_env_CXX_value=
ac_cv_env_LDFLAGS_set=
ac_cv_env_LDFLAGS_value=
ac_cv_env_LIBS_set=
ac_cv_env_LIBS_value=
ac_cv_env_LT_SYS_LIBRARY_PATH_set=
ac_cv_env_LT_SYS_LIBRARY_PATH_value=
ac_cv_env_build_alias_set=
ac_cv_env_build_alias_value=
ac_cv_env_host_alias_set=
ac_cv_env_host_alias_value=
ac_cv_env_target_alias_set=
ac_cv_env_target_alias_value=
ac_cv_exeext=.exe
ac_cv_header_dlfcn_h=yes
ac_cv_header_inttypes_h=yes
ac_cv_header_memory_h=yes
ac_cv_header_stdc=yes
ac_cv_header_stdint_h=yes
ac_cv_header_stdlib_h=yes
ac_cv_header_string_h=yes
ac_cv_header_strings_h=yes
ac_cv_header_sys_stat_h=yes
ac_cv_header_sys_types_h=yes
ac_cv_header_unistd_h=yes
ac_cv_host=x86_64-unknown-cygwin
ac_cv_objext=o
ac_cv_path_EGREP='/usr/bin/grep -E'
ac_cv_path_FGREP='/usr/bin/grep -F'
ac_cv_path_GREP=/usr/bin/grep
ac_cv_path_SED=/usr/bin/sed
ac_cv_path_install='/usr/bin/install -c'
ac_cv_path_lt_DD=/usr/bin/dd
ac_cv_path_mkdir=/usr/bin/mkdir
ac_cv_prog_AWK=gawk
ac_cv_prog_CPP='gcc -E'
ac_cv_prog_CXXCPP='g++ -E'
ac_cv_prog_ac_ct_AR=ar
ac_cv_prog_ac_ct_CC=gcc
ac_cv_prog_ac_ct_CXX=g++
ac_cv_prog_ac_ct_DLLTOOL=dlltool
ac_cv_prog_ac_ct_OBJDUMP=objdump
ac_cv_prog_ac_ct_RANLIB=ranlib
ac_cv_prog_ac_ct_STRIP=strip
ac_cv_prog_cc_c89=
ac_cv_prog_cc_g=yes
ac_cv_prog_cxx_g=yes
ac_cv_prog_make_make_set=yes
am_cv_CC_dependencies_compiler_type=gcc3
am_cv_CXX_dependencies_compiler_type=gcc3
am_cv_make_support_nested_variables=yes
am_cv_prog_cc_c_o=yes
lt_cv_ar_at_file=@
lt_cv_archive_cmds_need_lc=yes
lt_cv_deplibs_check_method='file_magic ^x86 archive import|^x86 DLL'
lt_cv_file_magic_cmd=func_win32_libid
lt_cv_file_magic_test_file=
lt_cv_ld_reload_flag=-r
lt_cv_nm_interface='BSD nm'
lt_cv_objdir=.libs
lt_cv_path_LD=/usr/x86_64-pc-cygwin/bin/ld.exe
lt_cv_path_LDCXX=/usr/x86_64-pc-cygwin/bin/ld.exe
lt_cv_path_NM='/usr/bin/nm -B'
lt_cv_path_mainfest_tool=no
lt_cv_prog_compiler_c_o=yes
lt_cv_prog_compiler_c_o_CXX=yes
lt_cv_prog_compiler_pic='-DDLL_EXPORT -DPIC'
lt_cv_prog_compiler_pic_CXX='-DDLL_EXPORT -DPIC'
lt_cv_prog_compiler_pic_works=yes
lt_cv_prog_compiler_pic_works_CXX=yes
lt_cv_prog_compiler_rtti_exceptions=no
lt_cv_prog_compiler_static_works=yes
lt_cv_prog_compiler_static_works_CXX=yes
lt_cv_prog_gnu_ld=yes
lt_cv_prog_gnu_ldcxx=yes
lt_cv_sharedlib_from_linklib_cmd=func_cygming_dll_for_implib
lt_cv_sys_global_symbol_pipe='sed -n -e '\''s/^.*[	 ]\([ABCDGIRSTW][ABCDGIRSTW]*\)[	 ][	 ]*\([_A-Za-z][_A-Za-z0-9]*\)$/\1 \2 \2/p'\'' | sed '\''/ __gnu_lto/d'\'''
lt_cv_sys_global_symbol_to_c_name_address='sed -n -e '\''s/^: \(.*\) .*$/  {"\1", (void *) 0},/p'\'' -e '\''s/^[ABCDGIRSTW][ABCDGIRSTW]* .* \(.*\)$/  {"\1", (void *) \&\1},/p'\'''
lt_cv_sys_global_symbol_to_c_name_address_lib_prefix='sed -n -e '\''s/^: \(.*\) .*$/  {"\1", (void *) 0},/p'\'' -e '\''s/^[ABCDGIRSTW][ABCDGIRSTW]* .* \(lib.*\)$/  {"\1", (void *) \&\1},/p'\'' -e '\''s/^[ABCDGIRSTW][ABCDGIRSTW]* .* \(.*\)$/  {"lib\1", (void *) \&\1},/p'\'''
lt_cv_sys_global_symbol_to_cdecl='sed -n -e '\''s/^T .* \(.*\)$/extern int \1();/p'\'' -e '\''s/^[ABCDGIRSTW][ABCDGIRSTW]* .* \(.*\)$/extern char \1;/p'\'''
lt_cv_sys_global_symbol_to_import=
lt_cv_sys_max_cmd_len=8192
lt_cv_to_host_file_cmd=func_convert_file_noop
lt_cv_to_tool_file_cmd=func_convert_file_noop
lt_cv_truncate_bin='/usr/bin/dd bs=4096 count=1'

## ----------------- ##
## Output variables. ##
## ----------------- ##

ACLOCAL='${SHELL} /home/Jonathan_Moore/c/autotools/missing aclocal-1.14'
AMDEPBACKSLASH='\'
AMDEP_FALSE='#'
AMDEP_TRUE=''
AMTAR='$${TAR-tar}'
AM_BACKSLASH='\'
AM_DEFAULT_V='$(AM_DEFAULT_VERBOSITY)'
AM_DEFAULT_VERBOSITY='1'
AM_V='$(V)'
AR='ar'
AUTOCONF='${SHELL} /home/Jonathan_Moore/c/autotools/missing autoconf'
AUTOHEADER='${SHELL} /home/Jonathan_Moore/c/autotools/missing autoheader'
AUTOMAKE='${SHELL} /home/Jonathan_Moore/c/autotools/missing automake-1.14'
AWK='gawk'
CC='gcc'
CCDEPMODE='depmode=gcc3'
CFLAGS=''
CPP='gcc -E'
CPPFLAGS=''
CXX='g++'
CXXCPP='g++ -E'
CXXDEPMODE='depmode=gcc3'
CXXFLAGS='-g -O2'
CYGPATH_W='cygpath -w'
DEFS='-DHAVE_CONFIG_H'
DEPDIR='.deps'
DLLTOOL='dlltool'
DSYMUTIL=''
DUMPBIN=''
ECHO_C=''
ECHO_N='-n'
ECHO_T=''
EGREP='/usr/bin/grep -E'
EXEEXT='.exe'
FGREP='/usr/bin/grep -F'
GREP='/usr/bin/grep'
HAVE_VALGRIND=''
INSTALL_DATA='${INSTALL} -m 644'
INSTALL_PROGRAM='${INSTALL}'
INSTALL_SCRIPT='${INSTALL}'
INSTALL_STRIP_PROGRAM='$(install_sh) -c -s'
LD='/usr/x86_64-pc-cygwin/bin/ld.exe'
LDFLAGS=''
LIBOBJS=''
LIBS=''
LIBTOOL='$(SHELL) $(top_builddir)/libtool'
LIPO=''
LN_S='ln -s'
LTLIBOBJS=''
LT_SYS_LIBRARY_PATH=''
MAIN_CFLAGS='-g -O2 -Wall'
MAKEINFO='${SHELL} /home/Jonathan_Moore/c/autotools/missing makeinfo'
MANIFEST_TOOL=':'
MKDIR_P='/usr/bin/mkdir -p'
NM='/usr/bin/nm -B'
NMEDIT=''
OBJDUMP='objdump'
OBJEXT='o'
OTOOL64=''
OTOOL=''
PACKAGE='c-algorithms'
PACKAGE_BUGREPORT='fraggle@users.sourceforge.net'
PACKAGE_NAME='C Algorithms'
PACKAGE_STRING='C Algorithms 1.2.0'
PACKAGE_TARNAME='c-algorithms'
PACKAGE_URL=''
PACKAGE_VERSION='1.2.0'
PATH_SEPARATOR=':'
RANLIB='ranlib'
SED='/usr/bin/sed'
SET_MAKE=''
SHELL='/bin/sh'
STRIP='strip'
TEST_CFLAGS=' -Wall -O0'
USE_VALGRIND_FALSE=''
USE_VALGRIND_TRUE='#'
VERSION='1.2.0'
ac_aux_dir='autotools'
ac_ct_AR='ar'
ac_ct_CC='gcc'
ac_ct_CXX='g++'
ac_ct_DUMPBIN=''
am__EXEEXT_FALSE='#'
am__EXEEXT_TRUE=''
am__fastdepCC_FALSE='#'
am__fastdepCC_TRUE=''
am__fastdepCXX_FALSE='#'
am__fastdepCXX_TRUE=''
am__include='include'
am__isrc=''
am__leading_dot='.'
am__nodep='_no'
am__quote=''
am__tar='$${TAR-tar} chof - "$$tardir"'
am__untar='$${TAR-tar} xf -'
bindir='${exec_prefix}/bin'
build='x86_64-unknown-cygwin'
build_alias=''
build_cpu='x86_64'
build_os='cygwin'
build_vendor='unknown'
datadir='${datarootdir}'
datarootdir='${prefix}/share'
docdir='${datarootdir}/doc/${PACKAGE_TARNAME}'
dvidir='${docdir}'
exec_prefix='${prefix}'
host='x86_64-unknown-cygwin'
host_alias=''
host_cpu='x86_64'
host_os='cygwin'
host_vendor='unknown'
htmldir='${docdir}'
includedir='${prefix}/include'
infodir='${datarootdir}/info'
install_sh='${SHELL} /home/Jonathan_Moore/c/autotools/install-sh'
libdir='${exec_prefix}/lib'
libexecdir='${exec_prefix}/libexec'
localedir='${datarootdir}/locale'
localstatedir='${prefix}/var'
mandir='${datarootdir}/man'
mkdir_p='$(MKDIR_P)'
oldincludedir='/usr/include'
pdfdir='${docdir}'
prefix='/usr/local'
program_transform_name='s,x,x,'
psdir='${docdir}'
sbindir='${exec_prefix}/sbin'
sharedstatedir='${prefix}/com'
sysconfdir='${prefix}/etc'
target_alias=''

## ----------- ##
## confdefs.h. ##
## ----------- ##

/* confdefs.h */
#define PACKAGE_NAME "C Algorithms"
#define PACKAGE_TARNAME "c-algorithms"
#define PACKAGE_VERSION "1.2.0"
#define PACKAGE_STRING "C Algorithms 1.2.0"
#define PACKAGE_BUGREPORT "fraggle@users.sourceforge.net"
#define PACKAGE_URL ""
#define STDC_HEADERS 1
#define HAVE_SYS_TYPES_H 1
#define HAVE_SYS_STAT_H 1
#define HAVE_STDLIB_H 1
#define HAVE_STRING_H 1
#define HAVE_MEMORY_H 1
#define HAVE_STRINGS_H 1
#define HAVE_INTTYPES_H 1
#define HAVE_STDINT_H 1
#define HAVE_UNISTD_H 1
#define HAVE_DLFCN_H 1
#define LT_OBJDIR ".libs/"

configure: exit 0
