d:\prj\articles\03-visual-styles\vstyles\dll\debug\custom.obj
d:\prj\articles\03-visual-styles\vstyles\dll\debug\vc100.pdb
d:\prj\articles\03-visual-styles\vstyles\debug\custom.lib
d:\prj\articles\03-visual-styles\vstyles\debug\custom.exp
d:\prj\articles\03-visual-styles\vstyles\debug\custom.ilk
d:\prj\articles\03-visual-styles\vstyles\debug\custom.dll
d:\prj\articles\03-visual-styles\vstyles\dll\debug\custom.dll.intermediate.manifest
d:\prj\articles\03-visual-styles\vstyles\debug\custom.pdb
c:\users\jonathan moore\singularity\projects\visual styles\vstyles\dll\debug\vc140.pdb
c:\users\jonathan moore\singularity\projects\visual styles\vstyles\dll\debug\vc140.idb
c:\users\jonathan moore\singularity\projects\visual styles\vstyles\dll\debug\custom.obj
c:\users\jonathan moore\singularity\projects\visual styles\vstyles\debug\custom.lib
c:\users\jonathan moore\singularity\projects\visual styles\vstyles\debug\custom.exp
c:\users\jonathan moore\singularity\projects\visual styles\vstyles\debug\custom.ilk
c:\users\jonathan moore\singularity\projects\visual styles\vstyles\debug\custom.dll
c:\users\jonathan moore\singularity\projects\visual styles\vstyles\debug\custom.pdb
c:\users\jonathan moore\singularity\projects\visual styles\vstyles\dll\debug\cl.command.1.tlog
c:\users\jonathan moore\singularity\projects\visual styles\vstyles\dll\debug\cl.read.1.tlog
c:\users\jonathan moore\singularity\projects\visual styles\vstyles\dll\debug\cl.write.1.tlog
c:\users\jonathan moore\singularity\projects\visual styles\vstyles\dll\debug\dll.write.1.tlog
c:\users\jonathan moore\singularity\projects\visual styles\vstyles\dll\debug\link.command.1.tlog
c:\users\jonathan moore\singularity\projects\visual styles\vstyles\dll\debug\link.read.1.tlog
c:\users\jonathan moore\singularity\projects\visual styles\vstyles\dll\debug\link.write.1.tlog
c:\users\jonathan moore\singularity\projects\visual styles\vstyles\dll\debug\mt.command.1.tlog
c:\users\jonathan moore\singularity\projects\visual styles\vstyles\dll\debug\mt.read.1.tlog
c:\users\jonathan moore\singularity\projects\visual styles\vstyles\dll\debug\mt.write.1.tlog
c:\users\jonathan moore\singularity\projects\visual styles\vstyles\dll\debug\custom.dll.intermediate.manifest
c:\users\jonathan moore\singularity\projects\visual styles\vstyles\dll\debug\vc100.idb
c:\users\jonathan moore\singularity\projects\visual styles\vstyles\dll\debug\vc100.pdb
c:\users\jonathan moore\singularity\projects\visual styles\vstyles\dll\debug\dll.tlog\cl.command.1.tlog
c:\users\jonathan moore\singularity\projects\visual styles\vstyles\dll\debug\dll.tlog\cl.read.1.tlog
c:\users\jonathan moore\singularity\projects\visual styles\vstyles\dll\debug\dll.tlog\cl.write.1.tlog
c:\users\jonathan moore\singularity\projects\visual styles\vstyles\dll\debug\dll.tlog\dll.write.1u.tlog
c:\users\jonathan moore\singularity\projects\visual styles\vstyles\dll\debug\dll.tlog\link.command.1.tlog
c:\users\jonathan moore\singularity\projects\visual styles\vstyles\dll\debug\dll.tlog\link.read.1.tlog
c:\users\jonathan moore\singularity\projects\visual styles\vstyles\dll\debug\dll.tlog\link.write.1.tlog
